[ 2017-09-26T16:58:34+08:00 ] 192.168.31.67 /sw/
INFO: [ app_init ] --START--
INFO: Run Behavior\BuildLiteBehavior [ RunTime:0.000000s ]
INFO: [ app_init ] --END-- [ RunTime:0.000000s ]
INFO: [ app_begin ] --START--
INFO: Run Behavior\ReadHtmlCacheBehavior [ RunTime:0.000000s ]
INFO: [ app_begin ] --END-- [ RunTime:0.000000s ]
SQL: SHOW COLUMNS FROM `channel` [ RunTime:0.0000s ]
SQL: SHOW COLUMNS FROM `base` [ RunTime:0.0156s ]
SQL: SHOW COLUMNS FROM `program` [ RunTime:0.0000s ]
SQL: SELECT `channel_id`,`channel_title` FROM `channel` WHERE `channel_title` LIKE '%%' AND `channel_show` = 1 ORDER BY channel_sort desc,channel_id asc LIMIT 1   [ RunTime:0.0000s ]
SQL: SELECT * FROM `channel` WHERE `channel_id` = 1 LIMIT 1   [ RunTime:0.0000s ]
SQL: SELECT `channel_id`,`channel_title` FROM `channel` WHERE `channel_show` = 1 AND `channel_title` LIKE '%%' ORDER BY channel_sort desc,channel_id asc  [ RunTime:0.0000s ]
SQL: SELECT `program_content` FROM `program` WHERE `program_level` = 1 ORDER BY program_sort desc,program_id asc  [ RunTime:0.0000s ]
SQL: SELECT * FROM `base` LIMIT 1   [ RunTime:0.0000s ]
INFO: [ view_parse ] --START--
INFO: [ template_filter ] --START--
INFO: Run Behavior\ContentReplaceBehavior [ RunTime:0.000000s ]
INFO: [ template_filter ] --END-- [ RunTime:0.000000s ]
INFO: Run Behavior\ParseTemplateBehavior [ RunTime:0.015601s ]
INFO: [ view_parse ] --END-- [ RunTime:0.015601s ]
INFO: [ view_filter ] --START--
INFO: Run Behavior\WriteHtmlCacheBehavior [ RunTime:0.000000s ]
INFO: [ view_filter ] --END-- [ RunTime:0.000000s ]
INFO: [ app_end ] --START--
INFO: Run Behavior\ShowPageTraceBehavior [ RunTime:0.000000s ]
INFO: [ app_end ] --END-- [ RunTime:0.000000s ]

[ 2017-09-26T16:58:49+08:00 ] 192.168.31.67 /sw/Home/Index/index.html
INFO: [ app_init ] --START--
INFO: Run Behavior\BuildLiteBehavior [ RunTime:0.000000s ]
INFO: [ app_init ] --END-- [ RunTime:0.000000s ]
INFO: [ app_begin ] --START--
INFO: Run Behavior\ReadHtmlCacheBehavior [ RunTime:0.001000s ]
INFO: [ app_begin ] --END-- [ RunTime:0.002000s ]
SQL: SHOW COLUMNS FROM `channel` [ RunTime:0.0100s ]
SQL: SHOW COLUMNS FROM `base` [ RunTime:0.0120s ]
SQL: SHOW COLUMNS FROM `program` [ RunTime:0.0090s ]
SQL: SELECT `channel_id`,`channel_title` FROM `channel` WHERE `channel_title` LIKE '%%' AND `channel_show` = 1 ORDER BY channel_sort desc,channel_id asc LIMIT 1   [ RunTime:0.0010s ]
SQL: SELECT * FROM `channel` WHERE `channel_id` = 1 LIMIT 1   [ RunTime:0.0000s ]
SQL: SELECT `channel_id`,`channel_title` FROM `channel` WHERE `channel_show` = 1 AND `channel_title` LIKE '%江苏%' ORDER BY channel_sort desc,channel_id asc  [ RunTime:0.0010s ]
SQL: SELECT `program_content` FROM `program` WHERE `program_level` = 1 ORDER BY program_sort desc,program_id asc  [ RunTime:0.0000s ]
SQL: SELECT * FROM `base` LIMIT 1   [ RunTime:0.0000s ]
INFO: [ view_parse ] --START--
INFO: [ template_filter ] --START--
INFO: Run Behavior\ContentReplaceBehavior [ RunTime:0.000000s ]
INFO: [ template_filter ] --END-- [ RunTime:0.000000s ]
INFO: Run Behavior\ParseTemplateBehavior [ RunTime:0.013000s ]
INFO: [ view_parse ] --END-- [ RunTime:0.013000s ]
INFO: [ view_filter ] --START--
INFO: Run Behavior\WriteHtmlCacheBehavior [ RunTime:0.000000s ]
INFO: [ view_filter ] --END-- [ RunTime:0.000000s ]
INFO: [ app_end ] --START--
INFO: Run Behavior\ShowPageTraceBehavior [ RunTime:0.000000s ]
INFO: [ app_end ] --END-- [ RunTime:0.000000s ]

[ 2017-09-26T16:58:53+08:00 ] 192.168.31.67 /sw/Home/Index/play
INFO: [ app_init ] --START--
INFO: Run Behavior\BuildLiteBehavior [ RunTime:0.000000s ]
INFO: [ app_init ] --END-- [ RunTime:0.000000s ]
INFO: [ app_begin ] --START--
INFO: Run Behavior\ReadHtmlCacheBehavior [ RunTime:0.002000s ]
INFO: [ app_begin ] --END-- [ RunTime:0.002000s ]
SQL: SHOW COLUMNS FROM `channel` [ RunTime:0.0100s ]
SQL: SHOW COLUMNS FROM `program` [ RunTime:0.0140s ]
SQL: SELECT `channel_id`,`channel_title` FROM `channel` WHERE `channel_show` = 1 AND `channel_title` LIKE '%江苏%' ORDER BY channel_sort desc,channel_id asc  [ RunTime:0.0000s ]
SQL: SELECT `channel_id`,`channel_title`,`channel_link`,`channel_link_m`,`channel_sort`,`channel_show`,`channel_web`,`channel_rule`,`channel_filter` FROM `channel` WHERE `channel_id` = 40 LIMIT 1   [ RunTime:0.0000s ]
SQL: SELECT `program_content` FROM `program` WHERE `program_level` = 40 ORDER BY program_sort desc,program_id asc  [ RunTime:0.0000s ]

[ 2017-09-26T17:00:34+08:00 ] 192.168.31.67 /sw/Home/Index/index.html
INFO: [ app_init ] --START--
INFO: Run Behavior\BuildLiteBehavior [ RunTime:0.000000s ]
INFO: [ app_init ] --END-- [ RunTime:0.001000s ]
INFO: [ app_begin ] --START--
INFO: Run Behavior\ReadHtmlCacheBehavior [ RunTime:0.001000s ]
INFO: [ app_begin ] --END-- [ RunTime:0.001000s ]
SQL: SHOW COLUMNS FROM `channel` [ RunTime:0.0110s ]
SQL: SHOW COLUMNS FROM `base` [ RunTime:0.0110s ]
SQL: SHOW COLUMNS FROM `program` [ RunTime:0.0100s ]
SQL: SELECT `channel_id`,`channel_title` FROM `channel` WHERE `channel_show` = 1 AND `channel_title` LIKE '%江苏%' ORDER BY channel_sort desc,channel_id asc LIMIT 1   [ RunTime:0.0010s ]
SQL: SELECT * FROM `channel` WHERE `channel_id` = 40 LIMIT 1   [ RunTime:0.0000s ]
SQL: SELECT `channel_id`,`channel_title` FROM `channel` WHERE `channel_show` = 1 AND `channel_title` LIKE '%江苏%' ORDER BY channel_sort desc,channel_id asc  [ RunTime:0.0000s ]
SQL: SELECT `program_content` FROM `program` WHERE `program_level` = 40 ORDER BY program_sort desc,program_id asc  [ RunTime:0.0010s ]
SQL: SELECT * FROM `base` LIMIT 1   [ RunTime:0.0000s ]
INFO: [ view_parse ] --START--
INFO: [ template_filter ] --START--
INFO: Run Behavior\ContentReplaceBehavior [ RunTime:0.001001s ]
INFO: [ template_filter ] --END-- [ RunTime:0.001001s ]
INFO: Run Behavior\ParseTemplateBehavior [ RunTime:0.016001s ]
INFO: [ view_parse ] --END-- [ RunTime:0.016001s ]
INFO: [ view_filter ] --START--
INFO: Run Behavior\WriteHtmlCacheBehavior [ RunTime:0.002000s ]
INFO: [ view_filter ] --END-- [ RunTime:0.002000s ]
INFO: [ app_end ] --START--
INFO: Run Behavior\ShowPageTraceBehavior [ RunTime:0.002000s ]
INFO: [ app_end ] --END-- [ RunTime:0.002000s ]

[ 2017-09-26T17:00:52+08:00 ] 192.168.31.67 /sw/Home/Index/index.html
INFO: [ app_init ] --START--
INFO: Run Behavior\BuildLiteBehavior [ RunTime:0.000000s ]
INFO: [ app_init ] --END-- [ RunTime:0.001000s ]
INFO: [ app_begin ] --START--
INFO: Run Behavior\ReadHtmlCacheBehavior [ RunTime:0.002000s ]
INFO: [ app_begin ] --END-- [ RunTime:0.002000s ]
SQL: SHOW COLUMNS FROM `channel` [ RunTime:0.0120s ]
SQL: SHOW COLUMNS FROM `base` [ RunTime:0.0110s ]
SQL: SHOW COLUMNS FROM `program` [ RunTime:0.0110s ]
SQL: SELECT `channel_id`,`channel_title` FROM `channel` WHERE `channel_show` = 1 AND `channel_title` LIKE '%c%' ORDER BY channel_sort desc,channel_id asc LIMIT 1   [ RunTime:0.0000s ]
SQL: SELECT * FROM `channel` WHERE `channel_id` = 1 LIMIT 1   [ RunTime:0.0010s ]
SQL: SELECT `channel_id`,`channel_title` FROM `channel` WHERE `channel_show` = 1 AND `channel_title` LIKE '%c%' ORDER BY channel_sort desc,channel_id asc  [ RunTime:0.0000s ]
SQL: SELECT `program_content` FROM `program` WHERE `program_level` = 1 ORDER BY program_sort desc,program_id asc  [ RunTime:0.0010s ]
SQL: SELECT * FROM `base` LIMIT 1   [ RunTime:0.0000s ]
INFO: [ view_parse ] --START--
INFO: [ template_filter ] --START--
INFO: Run Behavior\ContentReplaceBehavior [ RunTime:0.000000s ]
INFO: [ template_filter ] --END-- [ RunTime:0.000000s ]
INFO: Run Behavior\ParseTemplateBehavior [ RunTime:0.011001s ]
INFO: [ view_parse ] --END-- [ RunTime:0.012001s ]
INFO: [ view_filter ] --START--
INFO: Run Behavior\WriteHtmlCacheBehavior [ RunTime:0.001000s ]
INFO: [ view_filter ] --END-- [ RunTime:0.001000s ]
INFO: [ app_end ] --START--
INFO: Run Behavior\ShowPageTraceBehavior [ RunTime:0.000000s ]
INFO: [ app_end ] --END-- [ RunTime:0.000000s ]

[ 2017-09-26T17:01:08+08:00 ] 192.168.31.67 /sw/Home/Index/index.html
INFO: [ app_init ] --START--
INFO: Run Behavior\BuildLiteBehavior [ RunTime:0.000000s ]
INFO: [ app_init ] --END-- [ RunTime:0.000000s ]
INFO: [ app_begin ] --START--
INFO: Run Behavior\ReadHtmlCacheBehavior [ RunTime:0.002000s ]
INFO: [ app_begin ] --END-- [ RunTime:0.002000s ]
SQL: SHOW COLUMNS FROM `channel` [ RunTime:0.0080s ]
SQL: SHOW COLUMNS FROM `base` [ RunTime:0.0050s ]
SQL: SHOW COLUMNS FROM `program` [ RunTime:0.0100s ]
SQL: SELECT `channel_id`,`channel_title` FROM `channel` WHERE `channel_show` = 1 AND `channel_title` LIKE '%兵%' ORDER BY channel_sort desc,channel_id asc LIMIT 1   [ RunTime:0.0000s ]
SQL: SELECT * FROM `channel` WHERE `channel_id` = 54 LIMIT 1   [ RunTime:0.0000s ]
SQL: SELECT `channel_id`,`channel_title` FROM `channel` WHERE `channel_show` = 1 AND `channel_title` LIKE '%兵%' ORDER BY channel_sort desc,channel_id asc  [ RunTime:0.0000s ]
SQL: SELECT `program_content` FROM `program` WHERE `program_level` = 54 ORDER BY program_sort desc,program_id asc  [ RunTime:0.0000s ]
SQL: SELECT * FROM `base` LIMIT 1   [ RunTime:0.0000s ]
INFO: [ view_parse ] --START--
INFO: [ template_filter ] --START--
INFO: Run Behavior\ContentReplaceBehavior [ RunTime:0.000000s ]
INFO: [ template_filter ] --END-- [ RunTime:0.000000s ]
INFO: Run Behavior\ParseTemplateBehavior [ RunTime:0.014001s ]
INFO: [ view_parse ] --END-- [ RunTime:0.014001s ]
INFO: [ view_filter ] --START--
INFO: Run Behavior\WriteHtmlCacheBehavior [ RunTime:0.003000s ]
INFO: [ view_filter ] --END-- [ RunTime:0.004000s ]
INFO: [ app_end ] --START--
INFO: Run Behavior\ShowPageTraceBehavior [ RunTime:0.002000s ]
INFO: [ app_end ] --END-- [ RunTime:0.002000s ]

[ 2017-09-26T17:01:23+08:00 ] 192.168.31.67 /sw/Home/Index/index.html
INFO: [ app_init ] --START--
INFO: Run Behavior\BuildLiteBehavior [ RunTime:0.000000s ]
INFO: [ app_init ] --END-- [ RunTime:0.000000s ]
INFO: [ app_begin ] --START--
INFO: Run Behavior\ReadHtmlCacheBehavior [ RunTime:0.000000s ]
INFO: [ app_begin ] --END-- [ RunTime:0.000000s ]
SQL: SHOW COLUMNS FROM `channel` [ RunTime:0.0000s ]
SQL: SHOW COLUMNS FROM `base` [ RunTime:0.0156s ]
SQL: SHOW COLUMNS FROM `program` [ RunTime:0.0156s ]
SQL: SELECT `channel_id`,`channel_title` FROM `channel` WHERE `channel_show` = 1 AND `channel_title` LIKE '%江苏%' ORDER BY channel_sort desc,channel_id asc LIMIT 1   [ RunTime:0.0000s ]
SQL: SELECT * FROM `channel` WHERE `channel_id` = 40 LIMIT 1   [ RunTime:0.0000s ]
SQL: SELECT `channel_id`,`channel_title` FROM `channel` WHERE `channel_show` = 1 AND `channel_title` LIKE '%江苏%' ORDER BY channel_sort desc,channel_id asc  [ RunTime:0.0000s ]
SQL: SELECT `program_content` FROM `program` WHERE `program_level` = 40 ORDER BY program_sort desc,program_id asc  [ RunTime:0.0000s ]
SQL: SELECT * FROM `base` LIMIT 1   [ RunTime:0.0000s ]
INFO: [ view_parse ] --START--
INFO: [ template_filter ] --START--
INFO: Run Behavior\ContentReplaceBehavior [ RunTime:0.000000s ]
INFO: [ template_filter ] --END-- [ RunTime:0.000000s ]
INFO: Run Behavior\ParseTemplateBehavior [ RunTime:0.015600s ]
INFO: [ view_parse ] --END-- [ RunTime:0.015600s ]
INFO: [ view_filter ] --START--
INFO: Run Behavior\WriteHtmlCacheBehavior [ RunTime:0.000000s ]
INFO: [ view_filter ] --END-- [ RunTime:0.000000s ]
INFO: [ app_end ] --START--
INFO: Run Behavior\ShowPageTraceBehavior [ RunTime:0.000000s ]
INFO: [ app_end ] --END-- [ RunTime:0.000000s ]

[ 2017-09-26T17:01:32+08:00 ] 192.168.31.67 /sw/Home/Index/index.html
INFO: [ app_init ] --START--
INFO: Run Behavior\BuildLiteBehavior [ RunTime:0.000000s ]
INFO: [ app_init ] --END-- [ RunTime:0.001000s ]
INFO: [ app_begin ] --START--
INFO: Run Behavior\ReadHtmlCacheBehavior [ RunTime:0.001000s ]
INFO: [ app_begin ] --END-- [ RunTime:0.001000s ]
SQL: SHOW COLUMNS FROM `channel` [ RunTime:0.0100s ]
SQL: SHOW COLUMNS FROM `base` [ RunTime:0.0120s ]
SQL: SHOW COLUMNS FROM `program` [ RunTime:0.0100s ]
SQL: SELECT `channel_id`,`channel_title` FROM `channel` WHERE `channel_show` = 1 AND `channel_title` LIKE '%%' ORDER BY channel_sort desc,channel_id asc LIMIT 1   [ RunTime:0.0000s ]
SQL: SELECT * FROM `channel` WHERE `channel_id` = 1 LIMIT 1   [ RunTime:0.0000s ]
SQL: SELECT `channel_id`,`channel_title` FROM `channel` WHERE `channel_show` = 1 AND `channel_title` LIKE '%%' ORDER BY channel_sort desc,channel_id asc  [ RunTime:0.0010s ]
SQL: SELECT `program_content` FROM `program` WHERE `program_level` = 1 ORDER BY program_sort desc,program_id asc  [ RunTime:0.0000s ]
SQL: SELECT * FROM `base` LIMIT 1   [ RunTime:0.0010s ]
INFO: [ view_parse ] --START--
INFO: [ template_filter ] --START--
INFO: Run Behavior\ContentReplaceBehavior [ RunTime:0.000000s ]
INFO: [ template_filter ] --END-- [ RunTime:0.000000s ]
INFO: Run Behavior\ParseTemplateBehavior [ RunTime:0.014001s ]
INFO: [ view_parse ] --END-- [ RunTime:0.014001s ]
INFO: [ view_filter ] --START--
INFO: Run Behavior\WriteHtmlCacheBehavior [ RunTime:0.002000s ]
INFO: [ view_filter ] --END-- [ RunTime:0.002000s ]
INFO: [ app_end ] --START--
INFO: Run Behavior\ShowPageTraceBehavior [ RunTime:0.002000s ]
INFO: [ app_end ] --END-- [ RunTime:0.002000s ]

[ 2017-09-26T17:01:46+08:00 ] 192.168.31.67 /sw/Home/Index/play
INFO: [ app_init ] --START--
INFO: Run Behavior\BuildLiteBehavior [ RunTime:0.000000s ]
INFO: [ app_init ] --END-- [ RunTime:0.000000s ]
INFO: [ app_begin ] --START--
INFO: Run Behavior\ReadHtmlCacheBehavior [ RunTime:0.001000s ]
INFO: [ app_begin ] --END-- [ RunTime:0.001000s ]
SQL: SHOW COLUMNS FROM `channel` [ RunTime:0.0100s ]
SQL: SHOW COLUMNS FROM `program` [ RunTime:0.0190s ]
SQL: SELECT `channel_id`,`channel_title` FROM `channel` WHERE `channel_show` = 1 AND `channel_title` LIKE '%%' ORDER BY channel_sort desc,channel_id asc  [ RunTime:0.0010s ]
SQL: SELECT `channel_id`,`channel_title`,`channel_link`,`channel_link_m`,`channel_sort`,`channel_show`,`channel_web`,`channel_rule`,`channel_filter` FROM `channel` WHERE `channel_id` = 2 LIMIT 1   [ RunTime:0.0000s ]
SQL: SELECT `program_content` FROM `program` WHERE `program_level` = 2 ORDER BY program_sort desc,program_id asc  [ RunTime:0.0010s ]

[ 2017-09-26T17:01:54+08:00 ] 192.168.31.67 /sw/Home/Index/play
INFO: [ app_init ] --START--
INFO: Run Behavior\BuildLiteBehavior [ RunTime:0.000000s ]
INFO: [ app_init ] --END-- [ RunTime:0.001000s ]
INFO: [ app_begin ] --START--
INFO: Run Behavior\ReadHtmlCacheBehavior [ RunTime:0.001000s ]
INFO: [ app_begin ] --END-- [ RunTime:0.002000s ]
SQL: SHOW COLUMNS FROM `channel` [ RunTime:0.0100s ]
SQL: SHOW COLUMNS FROM `program` [ RunTime:0.0130s ]
SQL: SELECT `channel_id`,`channel_title` FROM `channel` WHERE `channel_show` = 1 AND `channel_title` LIKE '%%' ORDER BY channel_sort desc,channel_id asc  [ RunTime:0.0010s ]
SQL: SELECT `channel_id`,`channel_title`,`channel_link`,`channel_link_m`,`channel_sort`,`channel_show`,`channel_web`,`channel_rule`,`channel_filter` FROM `channel` WHERE `channel_id` = 3 LIMIT 1   [ RunTime:0.0000s ]
SQL: SELECT `program_content` FROM `program` WHERE `program_level` = 3 ORDER BY program_sort desc,program_id asc  [ RunTime:0.0010s ]

[ 2017-09-26T17:02:04+08:00 ] 192.168.31.67 /sw/Home/Index/play
INFO: [ app_init ] --START--
INFO: Run Behavior\BuildLiteBehavior [ RunTime:0.000000s ]
INFO: [ app_init ] --END-- [ RunTime:0.000000s ]
INFO: [ app_begin ] --START--
INFO: Run Behavior\ReadHtmlCacheBehavior [ RunTime:0.001000s ]
INFO: [ app_begin ] --END-- [ RunTime:0.001000s ]
SQL: SHOW COLUMNS FROM `channel` [ RunTime:0.0090s ]
SQL: SHOW COLUMNS FROM `program` [ RunTime:0.0090s ]
SQL: SELECT `channel_id`,`channel_title` FROM `channel` WHERE `channel_show` = 1 AND `channel_title` LIKE '%%' ORDER BY channel_sort desc,channel_id asc  [ RunTime:0.0000s ]
SQL: SELECT `channel_id`,`channel_title`,`channel_link`,`channel_link_m`,`channel_sort`,`channel_show`,`channel_web`,`channel_rule`,`channel_filter` FROM `channel` WHERE `channel_id` = 4 LIMIT 1   [ RunTime:0.0000s ]
SQL: SELECT `program_content` FROM `program` WHERE `program_level` = 4 ORDER BY program_sort desc,program_id asc  [ RunTime:0.0000s ]

[ 2017-09-26T17:12:26+08:00 ] ::1 /sw/
INFO: [ app_init ] --START--
INFO: Run Behavior\BuildLiteBehavior [ RunTime:0.000000s ]
INFO: [ app_init ] --END-- [ RunTime:0.001000s ]
INFO: [ app_begin ] --START--
INFO: Run Behavior\ReadHtmlCacheBehavior [ RunTime:0.002000s ]
INFO: [ app_begin ] --END-- [ RunTime:0.002000s ]
SQL: SHOW COLUMNS FROM `channel` [ RunTime:0.0100s ]
SQL: SHOW COLUMNS FROM `base` [ RunTime:0.0100s ]
SQL: SHOW COLUMNS FROM `program` [ RunTime:0.0110s ]
SQL: SELECT `channel_id`,`channel_title` FROM `channel` WHERE `channel_show` = 1 AND `channel_title` LIKE '%%' ORDER BY channel_sort desc,channel_id asc LIMIT 1   [ RunTime:0.0010s ]
SQL: SELECT * FROM `channel` WHERE `channel_id` = 1 LIMIT 1   [ RunTime:0.0000s ]
SQL: SELECT `channel_id`,`channel_title` FROM `channel` WHERE `channel_show` = 1 AND `channel_title` LIKE '%%' ORDER BY channel_sort desc,channel_id asc  [ RunTime:0.0000s ]
SQL: SELECT `program_content` FROM `program` WHERE `program_level` = 1 ORDER BY program_sort desc,program_id asc  [ RunTime:0.0010s ]
SQL: SELECT * FROM `base` LIMIT 1   [ RunTime:0.0000s ]
INFO: [ view_parse ] --START--
INFO: [ template_filter ] --START--
INFO: Run Behavior\ContentReplaceBehavior [ RunTime:0.000000s ]
INFO: [ template_filter ] --END-- [ RunTime:0.000000s ]
INFO: Run Behavior\ParseTemplateBehavior [ RunTime:0.013001s ]
INFO: [ view_parse ] --END-- [ RunTime:0.013001s ]
INFO: [ view_filter ] --START--
INFO: Run Behavior\WriteHtmlCacheBehavior [ RunTime:0.002000s ]
INFO: [ view_filter ] --END-- [ RunTime:0.002000s ]
INFO: [ app_end ] --START--
INFO: Run Behavior\ShowPageTraceBehavior [ RunTime:0.002000s ]
INFO: [ app_end ] --END-- [ RunTime:0.002000s ]

