[ 2017-09-22T13:41:57+08:00 ] ::1 /sw/Home/Index/index.html
INFO: [ app_init ] --START--
INFO: Run Behavior\BuildLiteBehavior [ RunTime:0.000000s ]
INFO: [ app_init ] --END-- [ RunTime:0.001000s ]
INFO: [ app_begin ] --START--
INFO: Run Behavior\ReadHtmlCacheBehavior [ RunTime:0.002000s ]
INFO: [ app_begin ] --END-- [ RunTime:0.002000s ]
SQL: SHOW COLUMNS FROM `channel` [ RunTime:0.0070s ]
SQL: SHOW COLUMNS FROM `base` [ RunTime:0.0020s ]
SQL: SHOW COLUMNS FROM `program` [ RunTime:0.0120s ]
SQL: SELECT * FROM `channel` WHERE `channel_id` = 0 LIMIT 1   [ RunTime:0.0000s ]
SQL: SELECT `channel_id`,`channel_title` FROM `channel` WHERE `channel_show` = 1 AND `channel_title` LIKE '%%' ORDER BY channel_sort desc,channel_id asc  [ RunTime:0.0010s ]
SQL: SELECT `program_content` FROM `program` WHERE `program_level` = 0 ORDER BY program_sort desc,program_id asc  [ RunTime:0.0000s ]
SQL: SELECT * FROM `base` LIMIT 1   [ RunTime:0.0000s ]
INFO: [ view_parse ] --START--
INFO: [ template_filter ] --START--
INFO: Run Behavior\ContentReplaceBehavior [ RunTime:0.000000s ]
INFO: [ template_filter ] --END-- [ RunTime:0.000000s ]
INFO: Run Behavior\ParseTemplateBehavior [ RunTime:0.015001s ]
INFO: [ view_parse ] --END-- [ RunTime:0.015001s ]
INFO: [ view_filter ] --START--
INFO: Run Behavior\WriteHtmlCacheBehavior [ RunTime:0.002000s ]
INFO: [ view_filter ] --END-- [ RunTime:0.002000s ]
INFO: [ app_end ] --START--
INFO: Run Behavior\ShowPageTraceBehavior [ RunTime:0.002000s ]
INFO: [ app_end ] --END-- [ RunTime:0.002000s ]

[ 2017-09-22T13:42:03+08:00 ] ::1 /sw/Home/Index/play
INFO: [ app_init ] --START--
INFO: Run Behavior\BuildLiteBehavior [ RunTime:0.000000s ]
INFO: [ app_init ] --END-- [ RunTime:0.001000s ]
INFO: [ app_begin ] --START--
INFO: Run Behavior\ReadHtmlCacheBehavior [ RunTime:0.001000s ]
INFO: [ app_begin ] --END-- [ RunTime:0.002000s ]
SQL: SHOW COLUMNS FROM `channel` [ RunTime:0.0080s ]
SQL: SHOW COLUMNS FROM `program` [ RunTime:0.0070s ]
SQL: SELECT `channel_id`,`channel_title` FROM `channel` WHERE `channel_show` = 1 AND `channel_title` LIKE '%%' ORDER BY channel_sort desc,channel_id asc  [ RunTime:0.0000s ]
SQL: SELECT `channel_id`,`channel_title`,`channel_link`,`channel_link_m`,`channel_sort`,`channel_show`,`channel_web`,`channel_rule`,`channel_filter` FROM `channel` WHERE `channel_id` = 1 LIMIT 1   [ RunTime:0.0000s ]
SQL: SELECT `program_content` FROM `program` WHERE `program_level` = 1 ORDER BY program_sort desc,program_id asc  [ RunTime:0.0010s ]

[ 2017-09-22T13:42:04+08:00 ] ::1 /sw/Home/Index/play
INFO: [ app_init ] --START--
INFO: Run Behavior\BuildLiteBehavior [ RunTime:0.000000s ]
INFO: [ app_init ] --END-- [ RunTime:0.000000s ]
INFO: [ app_begin ] --START--
INFO: Run Behavior\ReadHtmlCacheBehavior [ RunTime:0.001000s ]
INFO: [ app_begin ] --END-- [ RunTime:0.001000s ]
SQL: SHOW COLUMNS FROM `channel` [ RunTime:0.0060s ]
SQL: SHOW COLUMNS FROM `program` [ RunTime:0.0050s ]
SQL: SELECT `channel_id`,`channel_title` FROM `channel` WHERE `channel_show` = 1 AND `channel_title` LIKE '%%' ORDER BY channel_sort desc,channel_id asc  [ RunTime:0.0000s ]
SQL: SELECT `channel_id`,`channel_title`,`channel_link`,`channel_link_m`,`channel_sort`,`channel_show`,`channel_web`,`channel_rule`,`channel_filter` FROM `channel` WHERE `channel_id` = 2 LIMIT 1   [ RunTime:0.0010s ]
SQL: SELECT `program_content` FROM `program` WHERE `program_level` = 2 ORDER BY program_sort desc,program_id asc  [ RunTime:0.0010s ]

[ 2017-09-22T13:42:05+08:00 ] ::1 /sw/Home/Index/play
INFO: [ app_init ] --START--
INFO: Run Behavior\BuildLiteBehavior [ RunTime:0.000000s ]
INFO: [ app_init ] --END-- [ RunTime:0.001000s ]
INFO: [ app_begin ] --START--
INFO: Run Behavior\ReadHtmlCacheBehavior [ RunTime:0.002001s ]
INFO: [ app_begin ] --END-- [ RunTime:0.002001s ]
SQL: SHOW COLUMNS FROM `channel` [ RunTime:0.0110s ]
SQL: SHOW COLUMNS FROM `program` [ RunTime:0.0100s ]
SQL: SELECT `channel_id`,`channel_title` FROM `channel` WHERE `channel_show` = 1 AND `channel_title` LIKE '%%' ORDER BY channel_sort desc,channel_id asc  [ RunTime:0.0010s ]
SQL: SELECT `channel_id`,`channel_title`,`channel_link`,`channel_link_m`,`channel_sort`,`channel_show`,`channel_web`,`channel_rule`,`channel_filter` FROM `channel` WHERE `channel_id` = 3 LIMIT 1   [ RunTime:0.0000s ]
SQL: SELECT `program_content` FROM `program` WHERE `program_level` = 3 ORDER BY program_sort desc,program_id asc  [ RunTime:0.0010s ]

[ 2017-09-22T13:42:10+08:00 ] ::1 /sw/Home/Index/play
INFO: [ app_init ] --START--
INFO: Run Behavior\BuildLiteBehavior [ RunTime:0.000000s ]
INFO: [ app_init ] --END-- [ RunTime:0.001000s ]
INFO: [ app_begin ] --START--
INFO: Run Behavior\ReadHtmlCacheBehavior [ RunTime:0.001000s ]
INFO: [ app_begin ] --END-- [ RunTime:0.001000s ]
SQL: SHOW COLUMNS FROM `channel` [ RunTime:0.0060s ]
SQL: SHOW COLUMNS FROM `program` [ RunTime:0.0070s ]
SQL: SELECT `channel_id`,`channel_title` FROM `channel` WHERE `channel_show` = 1 AND `channel_title` LIKE '%%' ORDER BY channel_sort desc,channel_id asc  [ RunTime:0.0000s ]
SQL: SELECT `channel_id`,`channel_title`,`channel_link`,`channel_link_m`,`channel_sort`,`channel_show`,`channel_web`,`channel_rule`,`channel_filter` FROM `channel` WHERE `channel_id` = 4 LIMIT 1   [ RunTime:0.0000s ]
SQL: SELECT `program_content` FROM `program` WHERE `program_level` = 4 ORDER BY program_sort desc,program_id asc  [ RunTime:0.0010s ]

[ 2017-09-22T13:42:12+08:00 ] ::1 /sw/Home/Index/play
INFO: [ app_init ] --START--
INFO: Run Behavior\BuildLiteBehavior [ RunTime:0.000000s ]
INFO: [ app_init ] --END-- [ RunTime:0.000000s ]
INFO: [ app_begin ] --START--
INFO: Run Behavior\ReadHtmlCacheBehavior [ RunTime:0.000000s ]
INFO: [ app_begin ] --END-- [ RunTime:0.000000s ]
SQL: SHOW COLUMNS FROM `channel` [ RunTime:0.0000s ]
SQL: SHOW COLUMNS FROM `program` [ RunTime:0.0100s ]
SQL: SELECT `channel_id`,`channel_title` FROM `channel` WHERE `channel_show` = 1 AND `channel_title` LIKE '%%' ORDER BY channel_sort desc,channel_id asc  [ RunTime:0.0000s ]
SQL: SELECT `channel_id`,`channel_title`,`channel_link`,`channel_link_m`,`channel_sort`,`channel_show`,`channel_web`,`channel_rule`,`channel_filter` FROM `channel` WHERE `channel_id` = 5 LIMIT 1   [ RunTime:0.0000s ]
SQL: SELECT `program_content` FROM `program` WHERE `program_level` = 5 ORDER BY program_sort desc,program_id asc  [ RunTime:0.0000s ]

[ 2017-09-22T13:42:14+08:00 ] ::1 /sw/Home/Index/play
INFO: [ app_init ] --START--
INFO: Run Behavior\BuildLiteBehavior [ RunTime:0.000000s ]
INFO: [ app_init ] --END-- [ RunTime:0.000000s ]
INFO: [ app_begin ] --START--
INFO: Run Behavior\ReadHtmlCacheBehavior [ RunTime:0.000000s ]
INFO: [ app_begin ] --END-- [ RunTime:0.000000s ]
SQL: SHOW COLUMNS FROM `channel` [ RunTime:0.0100s ]
SQL: SHOW COLUMNS FROM `program` [ RunTime:0.0000s ]
SQL: SELECT `channel_id`,`channel_title` FROM `channel` WHERE `channel_show` = 1 AND `channel_title` LIKE '%%' ORDER BY channel_sort desc,channel_id asc  [ RunTime:0.0100s ]
SQL: SELECT `channel_id`,`channel_title`,`channel_link`,`channel_link_m`,`channel_sort`,`channel_show`,`channel_web`,`channel_rule`,`channel_filter` FROM `channel` WHERE `channel_id` = 6 LIMIT 1   [ RunTime:0.0000s ]
SQL: SELECT `program_content` FROM `program` WHERE `program_level` = 6 ORDER BY program_sort desc,program_id asc  [ RunTime:0.0000s ]

[ 2017-09-22T13:42:16+08:00 ] ::1 /sw/Home/Index/play
INFO: [ app_init ] --START--
INFO: Run Behavior\BuildLiteBehavior [ RunTime:0.000000s ]
INFO: [ app_init ] --END-- [ RunTime:0.000000s ]
INFO: [ app_begin ] --START--
INFO: Run Behavior\ReadHtmlCacheBehavior [ RunTime:0.000000s ]
INFO: [ app_begin ] --END-- [ RunTime:0.000000s ]
SQL: SHOW COLUMNS FROM `channel` [ RunTime:0.0000s ]
SQL: SHOW COLUMNS FROM `program` [ RunTime:0.0156s ]
SQL: SELECT `channel_id`,`channel_title` FROM `channel` WHERE `channel_show` = 1 AND `channel_title` LIKE '%%' ORDER BY channel_sort desc,channel_id asc  [ RunTime:0.0000s ]
SQL: SELECT `channel_id`,`channel_title`,`channel_link`,`channel_link_m`,`channel_sort`,`channel_show`,`channel_web`,`channel_rule`,`channel_filter` FROM `channel` WHERE `channel_id` = 7 LIMIT 1   [ RunTime:0.0000s ]
SQL: SELECT `program_content` FROM `program` WHERE `program_level` = 7 ORDER BY program_sort desc,program_id asc  [ RunTime:0.0000s ]

[ 2017-09-22T13:42:17+08:00 ] ::1 /sw/Home/Index/play
INFO: [ app_init ] --START--
INFO: Run Behavior\BuildLiteBehavior [ RunTime:0.000000s ]
INFO: [ app_init ] --END-- [ RunTime:0.000000s ]
INFO: [ app_begin ] --START--
INFO: Run Behavior\ReadHtmlCacheBehavior [ RunTime:0.000000s ]
INFO: [ app_begin ] --END-- [ RunTime:0.000000s ]
SQL: SHOW COLUMNS FROM `channel` [ RunTime:0.0090s ]
SQL: SHOW COLUMNS FROM `program` [ RunTime:0.0020s ]
SQL: SELECT `channel_id`,`channel_title` FROM `channel` WHERE `channel_show` = 1 AND `channel_title` LIKE '%%' ORDER BY channel_sort desc,channel_id asc  [ RunTime:0.0000s ]
SQL: SELECT `channel_id`,`channel_title`,`channel_link`,`channel_link_m`,`channel_sort`,`channel_show`,`channel_web`,`channel_rule`,`channel_filter` FROM `channel` WHERE `channel_id` = 8 LIMIT 1   [ RunTime:0.0000s ]
SQL: SELECT `program_content` FROM `program` WHERE `program_level` = 8 ORDER BY program_sort desc,program_id asc  [ RunTime:0.0000s ]

