[ 2017-09-21T14:44:28+08:00 ] ::1 /sw/?id=2
INFO: [ app_init ] --START--
INFO: Run Behavior\BuildLiteBehavior [ RunTime:0.000000s ]
INFO: [ app_init ] --END-- [ RunTime:0.000000s ]
INFO: [ app_begin ] --START--
INFO: Run Behavior\ReadHtmlCacheBehavior [ RunTime:0.001000s ]
INFO: [ app_begin ] --END-- [ RunTime:0.001000s ]
SQL: SHOW COLUMNS FROM `channel` [ RunTime:0.0060s ]
SQL: SHOW COLUMNS FROM `base` [ RunTime:0.0060s ]
SQL: SHOW COLUMNS FROM `program` [ RunTime:0.0060s ]
SQL: SELECT `channel_id` FROM `channel` ORDER BY channel_sort desc,channel_id asc LIMIT 1   [ RunTime:0.0000s ]
SQL: SELECT * FROM `channel` WHERE `channel_id` = 2 LIMIT 1   [ RunTime:0.0010s ]
SQL: SELECT `channel_id`,`channel_title` FROM `channel` WHERE `channel_show` = 1 AND `channel_title` LIKE '%%' ORDER BY channel_sort desc,channel_id asc  [ RunTime:0.0000s ]
SQL: SELECT `program_content` FROM `program` WHERE `program_level` = 2 ORDER BY program_sort desc,program_id asc  [ RunTime:0.0010s ]
SQL: SELECT * FROM `base` LIMIT 1   [ RunTime:0.0000s ]
INFO: [ view_parse ] --START--
INFO: [ template_filter ] --START--
INFO: Run Behavior\ContentReplaceBehavior [ RunTime:0.000000s ]
INFO: [ template_filter ] --END-- [ RunTime:0.000000s ]
INFO: Run Behavior\ParseTemplateBehavior [ RunTime:0.013000s ]
INFO: [ view_parse ] --END-- [ RunTime:0.013000s ]
INFO: [ view_filter ] --START--
INFO: Run Behavior\WriteHtmlCacheBehavior [ RunTime:0.001001s ]
INFO: [ view_filter ] --END-- [ RunTime:0.001001s ]
INFO: [ app_end ] --START--
INFO: Run Behavior\ShowPageTraceBehavior [ RunTime:0.002000s ]
INFO: [ app_end ] --END-- [ RunTime:0.002000s ]

[ 2017-09-21T14:44:30+08:00 ] ::1 /sw/?id=1
INFO: [ app_init ] --START--
INFO: Run Behavior\BuildLiteBehavior [ RunTime:0.000000s ]
INFO: [ app_init ] --END-- [ RunTime:0.000000s ]
INFO: [ app_begin ] --START--
INFO: Run Behavior\ReadHtmlCacheBehavior [ RunTime:0.002000s ]
INFO: [ app_begin ] --END-- [ RunTime:0.002000s ]
SQL: SHOW COLUMNS FROM `channel` [ RunTime:0.0090s ]
SQL: SHOW COLUMNS FROM `base` [ RunTime:0.0090s ]
SQL: SHOW COLUMNS FROM `program` [ RunTime:0.0080s ]
SQL: SELECT `channel_id` FROM `channel` ORDER BY channel_sort desc,channel_id asc LIMIT 1   [ RunTime:0.0000s ]
SQL: SELECT * FROM `channel` WHERE `channel_id` = 1 LIMIT 1   [ RunTime:0.0000s ]
SQL: SELECT `channel_id`,`channel_title` FROM `channel` WHERE `channel_show` = 1 AND `channel_title` LIKE '%%' ORDER BY channel_sort desc,channel_id asc  [ RunTime:0.0000s ]
SQL: SELECT `program_content` FROM `program` WHERE `program_level` = 1 ORDER BY program_sort desc,program_id asc  [ RunTime:0.0000s ]
SQL: SELECT * FROM `base` LIMIT 1   [ RunTime:0.0000s ]
INFO: [ view_parse ] --START--
INFO: [ template_filter ] --START--
INFO: Run Behavior\ContentReplaceBehavior [ RunTime:0.000000s ]
INFO: [ template_filter ] --END-- [ RunTime:0.000000s ]
INFO: Run Behavior\ParseTemplateBehavior [ RunTime:0.012000s ]
INFO: [ view_parse ] --END-- [ RunTime:0.012000s ]
INFO: [ view_filter ] --START--
INFO: Run Behavior\WriteHtmlCacheBehavior [ RunTime:0.001000s ]
INFO: [ view_filter ] --END-- [ RunTime:0.001000s ]
INFO: [ app_end ] --START--
INFO: Run Behavior\ShowPageTraceBehavior [ RunTime:0.001001s ]
INFO: [ app_end ] --END-- [ RunTime:0.001001s ]

[ 2017-09-21T14:51:48+08:00 ] ::1 /sw/?id=1
INFO: [ app_init ] --START--
INFO: Run Behavior\BuildLiteBehavior [ RunTime:0.000000s ]
INFO: [ app_init ] --END-- [ RunTime:0.000000s ]
INFO: [ app_begin ] --START--
INFO: Run Behavior\ReadHtmlCacheBehavior [ RunTime:0.001000s ]
INFO: [ app_begin ] --END-- [ RunTime:0.001000s ]
SQL: SHOW COLUMNS FROM `channel` [ RunTime:0.0070s ]
SQL: SHOW COLUMNS FROM `base` [ RunTime:0.0070s ]
SQL: SHOW COLUMNS FROM `program` [ RunTime:0.0090s ]
SQL: SELECT `channel_id` FROM `channel` ORDER BY channel_sort desc,channel_id asc LIMIT 1   [ RunTime:0.0000s ]
SQL: SELECT * FROM `channel` WHERE `channel_id` = 1 LIMIT 1   [ RunTime:0.0010s ]
SQL: SELECT `channel_id`,`channel_title` FROM `channel` WHERE `channel_show` = 1 AND `channel_title` LIKE '%%' ORDER BY channel_sort desc,channel_id asc  [ RunTime:0.0000s ]
SQL: SELECT `program_content` FROM `program` WHERE `program_level` = 1 ORDER BY program_sort desc,program_id asc  [ RunTime:0.0010s ]
SQL: SELECT * FROM `base` LIMIT 1   [ RunTime:0.0000s ]
INFO: [ view_parse ] --START--
INFO: [ template_filter ] --START--
INFO: Run Behavior\ContentReplaceBehavior [ RunTime:0.000000s ]
INFO: [ template_filter ] --END-- [ RunTime:0.000000s ]
INFO: Run Behavior\ParseTemplateBehavior [ RunTime:0.012000s ]
INFO: [ view_parse ] --END-- [ RunTime:0.012000s ]
INFO: [ view_filter ] --START--
INFO: Run Behavior\WriteHtmlCacheBehavior [ RunTime:0.001000s ]
INFO: [ view_filter ] --END-- [ RunTime:0.001000s ]
INFO: [ app_end ] --START--
INFO: Run Behavior\ShowPageTraceBehavior [ RunTime:0.002001s ]
INFO: [ app_end ] --END-- [ RunTime:0.002001s ]

[ 2017-09-21T14:51:50+08:00 ] ::1 /sw/?id=2
INFO: [ app_init ] --START--
INFO: Run Behavior\BuildLiteBehavior [ RunTime:0.000000s ]
INFO: [ app_init ] --END-- [ RunTime:0.001000s ]
INFO: [ app_begin ] --START--
INFO: Run Behavior\ReadHtmlCacheBehavior [ RunTime:0.003000s ]
INFO: [ app_begin ] --END-- [ RunTime:0.003000s ]
SQL: SHOW COLUMNS FROM `channel` [ RunTime:0.0080s ]
SQL: SHOW COLUMNS FROM `base` [ RunTime:0.0080s ]
SQL: SHOW COLUMNS FROM `program` [ RunTime:0.0080s ]
SQL: SELECT `channel_id` FROM `channel` ORDER BY channel_sort desc,channel_id asc LIMIT 1   [ RunTime:0.0000s ]
SQL: SELECT * FROM `channel` WHERE `channel_id` = 2 LIMIT 1   [ RunTime:0.0000s ]
SQL: SELECT `channel_id`,`channel_title` FROM `channel` WHERE `channel_show` = 1 AND `channel_title` LIKE '%%' ORDER BY channel_sort desc,channel_id asc  [ RunTime:0.0000s ]
SQL: SELECT `program_content` FROM `program` WHERE `program_level` = 2 ORDER BY program_sort desc,program_id asc  [ RunTime:0.0000s ]
SQL: SELECT * FROM `base` LIMIT 1   [ RunTime:0.0000s ]
INFO: [ view_parse ] --START--
INFO: [ template_filter ] --START--
INFO: Run Behavior\ContentReplaceBehavior [ RunTime:0.000000s ]
INFO: [ template_filter ] --END-- [ RunTime:0.000000s ]
INFO: Run Behavior\ParseTemplateBehavior [ RunTime:0.011001s ]
INFO: [ view_parse ] --END-- [ RunTime:0.011001s ]
INFO: [ view_filter ] --START--
INFO: Run Behavior\WriteHtmlCacheBehavior [ RunTime:0.002000s ]
INFO: [ view_filter ] --END-- [ RunTime:0.002000s ]
INFO: [ app_end ] --START--
INFO: Run Behavior\ShowPageTraceBehavior [ RunTime:0.002000s ]
INFO: [ app_end ] --END-- [ RunTime:0.002000s ]

[ 2017-09-21T14:59:37+08:00 ] ::1 /sw/?id=1
INFO: [ app_init ] --START--
INFO: Run Behavior\BuildLiteBehavior [ RunTime:0.000000s ]
INFO: [ app_init ] --END-- [ RunTime:0.000000s ]
INFO: [ app_begin ] --START--
INFO: Run Behavior\ReadHtmlCacheBehavior [ RunTime:0.001000s ]
INFO: [ app_begin ] --END-- [ RunTime:0.001000s ]
SQL: SHOW COLUMNS FROM `channel` [ RunTime:0.0100s ]
SQL: SHOW COLUMNS FROM `base` [ RunTime:0.0090s ]
SQL: SHOW COLUMNS FROM `program` [ RunTime:0.0080s ]
SQL: SELECT `channel_id` FROM `channel` ORDER BY channel_sort desc,channel_id asc LIMIT 1   [ RunTime:0.0010s ]
SQL: SELECT * FROM `channel` WHERE `channel_id` = 1 LIMIT 1   [ RunTime:0.0000s ]
SQL: SELECT `channel_id`,`channel_title` FROM `channel` WHERE `channel_show` = 1 AND `channel_title` LIKE '%%' ORDER BY channel_sort desc,channel_id asc  [ RunTime:0.0000s ]
SQL: SELECT `program_content` FROM `program` WHERE `program_level` = 1 ORDER BY program_sort desc,program_id asc  [ RunTime:0.0000s ]
SQL: SELECT * FROM `base` LIMIT 1   [ RunTime:0.0000s ]
INFO: [ view_parse ] --START--
INFO: [ template_filter ] --START--
INFO: Run Behavior\ContentReplaceBehavior [ RunTime:0.000000s ]
INFO: [ template_filter ] --END-- [ RunTime:0.000000s ]
INFO: Run Behavior\ParseTemplateBehavior [ RunTime:0.013001s ]
INFO: [ view_parse ] --END-- [ RunTime:0.013001s ]
INFO: [ view_filter ] --START--
INFO: Run Behavior\WriteHtmlCacheBehavior [ RunTime:0.002000s ]
INFO: [ view_filter ] --END-- [ RunTime:0.002000s ]
INFO: [ app_end ] --START--
INFO: Run Behavior\ShowPageTraceBehavior [ RunTime:0.002000s ]
INFO: [ app_end ] --END-- [ RunTime:0.002000s ]

