[ 2017-09-18T18:47:26+08:00 ] ::1 /sw/Admin/Channel/index.html
INFO: [ app_init ] --START--
INFO: Run Behavior\BuildLiteBehavior [ RunTime:0.000000s ]
INFO: [ app_init ] --END-- [ RunTime:0.000000s ]
INFO: [ app_begin ] --START--
INFO: Run Behavior\ReadHtmlCacheBehavior [ RunTime:0.005000s ]
INFO: [ app_begin ] --END-- [ RunTime:0.005000s ]
SQL: SHOW COLUMNS FROM `user` [ RunTime:0.0160s ]
SQL: SELECT `user_name` FROM `user` WHERE `user_name` = 'admin' LIMIT 1   [ RunTime:0.0020s ]
SQL: SHOW COLUMNS FROM `channel` [ RunTime:0.0160s ]
SQL: SELECT `channel_id`,`channel_title`,`channel_show` FROM `channel` WHERE `channel_title` LIKE '%%' ORDER BY channel_sort desc,channel_id asc LIMIT 0,7   [ RunTime:0.0010s ]
SQL: SELECT `channel_id`,`channel_title`,`channel_show` FROM `channel` WHERE `channel_title` LIKE '%%'  [ RunTime:0.0000s ]
INFO: [ view_parse ] --START--
INFO: [ template_filter ] --START--
INFO: Run Behavior\ContentReplaceBehavior [ RunTime:0.000000s ]
INFO: [ template_filter ] --END-- [ RunTime:0.000000s ]
NOTIC: [8] Use of undefined constant channel_id - assumed 'channel_id' D:\UPUPW_AP5.5\htdocs\sw\Application\Runtime\Cache\Admin\1a29341587f46f16df4f5ba698e28d07.php 第 156 行.
NOTIC: [8] Use of undefined constant channel_id - assumed 'channel_id' D:\UPUPW_AP5.5\htdocs\sw\Application\Runtime\Cache\Admin\1a29341587f46f16df4f5ba698e28d07.php 第 156 行.
NOTIC: [8] Use of undefined constant channel_id - assumed 'channel_id' D:\UPUPW_AP5.5\htdocs\sw\Application\Runtime\Cache\Admin\1a29341587f46f16df4f5ba698e28d07.php 第 156 行.
NOTIC: [8] Use of undefined constant channel_id - assumed 'channel_id' D:\UPUPW_AP5.5\htdocs\sw\Application\Runtime\Cache\Admin\1a29341587f46f16df4f5ba698e28d07.php 第 156 行.
NOTIC: [8] Use of undefined constant channel_id - assumed 'channel_id' D:\UPUPW_AP5.5\htdocs\sw\Application\Runtime\Cache\Admin\1a29341587f46f16df4f5ba698e28d07.php 第 156 行.
NOTIC: [8] Use of undefined constant channel_id - assumed 'channel_id' D:\UPUPW_AP5.5\htdocs\sw\Application\Runtime\Cache\Admin\1a29341587f46f16df4f5ba698e28d07.php 第 156 行.
NOTIC: [8] Use of undefined constant channel_id - assumed 'channel_id' D:\UPUPW_AP5.5\htdocs\sw\Application\Runtime\Cache\Admin\1a29341587f46f16df4f5ba698e28d07.php 第 156 行.
NOTIC: [8] Undefined variable: company_row D:\UPUPW_AP5.5\htdocs\sw\Application\Runtime\Cache\Admin\1a29341587f46f16df4f5ba698e28d07.php 第 181 行.
NOTIC: [8] Undefined variable: company_row D:\UPUPW_AP5.5\htdocs\sw\Application\Runtime\Cache\Admin\1a29341587f46f16df4f5ba698e28d07.php 第 181 行.
INFO: Run Behavior\ParseTemplateBehavior [ RunTime:0.036002s ]
INFO: [ view_parse ] --END-- [ RunTime:0.037003s ]
INFO: [ view_filter ] --START--
INFO: Run Behavior\WriteHtmlCacheBehavior [ RunTime:0.003000s ]
INFO: [ view_filter ] --END-- [ RunTime:0.003000s ]
INFO: [ app_end ] --START--
INFO: Run Behavior\ShowPageTraceBehavior [ RunTime:0.003000s ]
INFO: [ app_end ] --END-- [ RunTime:0.003000s ]

[ 2017-09-18T18:47:29+08:00 ] ::1 /sw/Admin/Channel/edit/channel_id/1.html
INFO: [ app_init ] --START--
INFO: Run Behavior\BuildLiteBehavior [ RunTime:0.000000s ]
INFO: [ app_init ] --END-- [ RunTime:0.000000s ]
INFO: [ app_begin ] --START--
INFO: Run Behavior\ReadHtmlCacheBehavior [ RunTime:0.002000s ]
INFO: [ app_begin ] --END-- [ RunTime:0.002000s ]
SQL: SHOW COLUMNS FROM `user` [ RunTime:0.0100s ]
SQL: SELECT `user_name` FROM `user` WHERE `user_name` = 'admin' LIMIT 1   [ RunTime:0.0010s ]
SQL: SHOW COLUMNS FROM `channel` [ RunTime:0.0120s ]
NOTIC: [8] Undefined index: channel D:\UPUPW_AP5.5\htdocs\sw\Application\Admin\Controller\ChannelController.class.php 第 31 行.
SQL: SELECT `channel_id`,`channel_title`,`channel_link`,`channel_link_m`,`channel_sort`,`channel_show` FROM `channel` WHERE `channel_id` = 1 LIMIT 1   [ RunTime:0.0010s ]
INFO: [ view_parse ] --START--
INFO: [ template_filter ] --START--
INFO: Run Behavior\ContentReplaceBehavior [ RunTime:0.000000s ]
INFO: [ template_filter ] --END-- [ RunTime:0.000000s ]
NOTIC: [8] Undefined variable: company_row D:\UPUPW_AP5.5\htdocs\sw\Application\Runtime\Cache\Admin\5f653e0218b1b60ae96f72a10f365938.php 第 180 行.
NOTIC: [8] Undefined variable: company_row D:\UPUPW_AP5.5\htdocs\sw\Application\Runtime\Cache\Admin\5f653e0218b1b60ae96f72a10f365938.php 第 180 行.
INFO: Run Behavior\ParseTemplateBehavior [ RunTime:0.020002s ]
INFO: [ view_parse ] --END-- [ RunTime:0.021002s ]
INFO: [ view_filter ] --START--
INFO: Run Behavior\WriteHtmlCacheBehavior [ RunTime:0.001000s ]
INFO: [ view_filter ] --END-- [ RunTime:0.001000s ]
INFO: [ app_end ] --START--
INFO: Run Behavior\ShowPageTraceBehavior [ RunTime:0.002000s ]
INFO: [ app_end ] --END-- [ RunTime:0.002000s ]

[ 2017-09-18T18:47:54+08:00 ] ::1 /sw/Admin/Channel/edit/channel_id/1.html
INFO: [ app_init ] --START--
INFO: Run Behavior\BuildLiteBehavior [ RunTime:0.000000s ]
INFO: [ app_init ] --END-- [ RunTime:0.001000s ]
INFO: [ app_begin ] --START--
INFO: Run Behavior\ReadHtmlCacheBehavior [ RunTime:0.005000s ]
INFO: [ app_begin ] --END-- [ RunTime:0.006000s ]
SQL: SHOW COLUMNS FROM `user` [ RunTime:0.0180s ]
SQL: SELECT `user_name` FROM `user` WHERE `user_name` = 'admin' LIMIT 1   [ RunTime:0.0000s ]
SQL: SHOW COLUMNS FROM `channel` [ RunTime:0.0200s ]
NOTIC: [8] Undefined index: channel D:\UPUPW_AP5.5\htdocs\sw\Application\Admin\Controller\ChannelController.class.php 第 31 行.
SQL: SELECT `channel_id`,`channel_title`,`channel_link`,`channel_link_m`,`channel_sort`,`channel_show` FROM `channel` WHERE `channel_id` = 1 LIMIT 1   [ RunTime:0.0010s ]
INFO: [ view_parse ] --START--
INFO: [ template_filter ] --START--
INFO: Run Behavior\ContentReplaceBehavior [ RunTime:0.000000s ]
INFO: [ template_filter ] --END-- [ RunTime:0.000000s ]
NOTIC: [8] Undefined variable: company_row D:\UPUPW_AP5.5\htdocs\sw\Application\Runtime\Cache\Admin\5f653e0218b1b60ae96f72a10f365938.php 第 180 行.
NOTIC: [8] Undefined variable: company_row D:\UPUPW_AP5.5\htdocs\sw\Application\Runtime\Cache\Admin\5f653e0218b1b60ae96f72a10f365938.php 第 180 行.
INFO: Run Behavior\ParseTemplateBehavior [ RunTime:0.040002s ]
INFO: [ view_parse ] --END-- [ RunTime:0.042002s ]
INFO: [ view_filter ] --START--
INFO: Run Behavior\WriteHtmlCacheBehavior [ RunTime:0.003001s ]
INFO: [ view_filter ] --END-- [ RunTime:0.003001s ]
INFO: [ app_end ] --START--
INFO: Run Behavior\ShowPageTraceBehavior [ RunTime:0.003000s ]
INFO: [ app_end ] --END-- [ RunTime:0.003000s ]

[ 2017-09-18T18:47:57+08:00 ] ::1 /sw/Admin/Channel/edit/channel_id/1.html
INFO: [ app_init ] --START--
INFO: Run Behavior\BuildLiteBehavior [ RunTime:0.000000s ]
INFO: [ app_init ] --END-- [ RunTime:0.002000s ]
INFO: [ app_begin ] --START--
INFO: Run Behavior\ReadHtmlCacheBehavior [ RunTime:0.003000s ]
INFO: [ app_begin ] --END-- [ RunTime:0.003000s ]
SQL: SHOW COLUMNS FROM `user` [ RunTime:0.0120s ]
SQL: SELECT `user_name` FROM `user` WHERE `user_name` = 'admin' LIMIT 1   [ RunTime:0.0000s ]
SQL: SHOW COLUMNS FROM `channel` [ RunTime:0.0100s ]
NOTIC: [8] Undefined index: channel D:\UPUPW_AP5.5\htdocs\sw\Application\Admin\Controller\ChannelController.class.php 第 31 行.
SQL: SELECT `channel_id`,`channel_title`,`channel_link`,`channel_link_m`,`channel_sort`,`channel_show` FROM `channel` WHERE `channel_id` = 1 LIMIT 1   [ RunTime:0.0010s ]
INFO: [ view_parse ] --START--
INFO: [ template_filter ] --START--
INFO: Run Behavior\ContentReplaceBehavior [ RunTime:0.000000s ]
INFO: [ template_filter ] --END-- [ RunTime:0.000000s ]
NOTIC: [8] Undefined variable: company_row D:\UPUPW_AP5.5\htdocs\sw\Application\Runtime\Cache\Admin\5f653e0218b1b60ae96f72a10f365938.php 第 180 行.
NOTIC: [8] Undefined variable: company_row D:\UPUPW_AP5.5\htdocs\sw\Application\Runtime\Cache\Admin\5f653e0218b1b60ae96f72a10f365938.php 第 180 行.
INFO: Run Behavior\ParseTemplateBehavior [ RunTime:0.038003s ]
INFO: [ view_parse ] --END-- [ RunTime:0.038003s ]
INFO: [ view_filter ] --START--
INFO: Run Behavior\WriteHtmlCacheBehavior [ RunTime:0.004000s ]
INFO: [ view_filter ] --END-- [ RunTime:0.004000s ]
INFO: [ app_end ] --START--
INFO: Run Behavior\ShowPageTraceBehavior [ RunTime:0.002000s ]
INFO: [ app_end ] --END-- [ RunTime:0.002000s ]

[ 2017-09-18T18:48:10+08:00 ] ::1 /sw/Admin/Channel/edit/channel_id/1.html
INFO: [ app_init ] --START--
INFO: Run Behavior\BuildLiteBehavior [ RunTime:0.000000s ]
INFO: [ app_init ] --END-- [ RunTime:0.002000s ]
INFO: [ app_begin ] --START--
INFO: Run Behavior\ReadHtmlCacheBehavior [ RunTime:0.003000s ]
INFO: [ app_begin ] --END-- [ RunTime:0.004000s ]
SQL: SHOW COLUMNS FROM `user` [ RunTime:0.0170s ]
SQL: SELECT `user_name` FROM `user` WHERE `user_name` = 'admin' LIMIT 1   [ RunTime:0.0000s ]
SQL: SHOW COLUMNS FROM `channel` [ RunTime:0.0160s ]
NOTIC: [8] Undefined index: channel D:\UPUPW_AP5.5\htdocs\sw\Application\Admin\Controller\ChannelController.class.php 第 31 行.
SQL: SELECT `channel_id`,`channel_title`,`channel_link`,`channel_link_m`,`channel_sort`,`channel_show` FROM `channel` WHERE `channel_id` = 1 LIMIT 1   [ RunTime:0.0000s ]
INFO: [ view_parse ] --START--
INFO: [ template_filter ] --START--
INFO: Run Behavior\ContentReplaceBehavior [ RunTime:0.000000s ]
INFO: [ template_filter ] --END-- [ RunTime:0.000000s ]
NOTIC: [8] Undefined variable: company_row D:\UPUPW_AP5.5\htdocs\sw\Application\Runtime\Cache\Admin\5f653e0218b1b60ae96f72a10f365938.php 第 180 行.
NOTIC: [8] Undefined variable: company_row D:\UPUPW_AP5.5\htdocs\sw\Application\Runtime\Cache\Admin\5f653e0218b1b60ae96f72a10f365938.php 第 180 行.
INFO: Run Behavior\ParseTemplateBehavior [ RunTime:0.037002s ]
INFO: [ view_parse ] --END-- [ RunTime:0.038002s ]
INFO: [ view_filter ] --START--
INFO: Run Behavior\WriteHtmlCacheBehavior [ RunTime:0.004000s ]
INFO: [ view_filter ] --END-- [ RunTime:0.004000s ]
INFO: [ app_end ] --START--
INFO: Run Behavior\ShowPageTraceBehavior [ RunTime:0.004001s ]
INFO: [ app_end ] --END-- [ RunTime:0.004001s ]

[ 2017-09-18T18:49:15+08:00 ] ::1 /sw/Admin/Channel/edit/channel_id/1.html
INFO: [ app_init ] --START--
INFO: Run Behavior\BuildLiteBehavior [ RunTime:0.000000s ]
INFO: [ app_init ] --END-- [ RunTime:0.001000s ]
INFO: [ app_begin ] --START--
INFO: Run Behavior\ReadHtmlCacheBehavior [ RunTime:0.004001s ]
INFO: [ app_begin ] --END-- [ RunTime:0.004001s ]
SQL: SHOW COLUMNS FROM `user` [ RunTime:0.0150s ]
SQL: SELECT `user_name` FROM `user` WHERE `user_name` = 'admin' LIMIT 1   [ RunTime:0.0000s ]
SQL: SHOW COLUMNS FROM `channel` [ RunTime:0.0190s ]
NOTIC: [8] Undefined index: channel D:\UPUPW_AP5.5\htdocs\sw\Application\Admin\Controller\ChannelController.class.php 第 31 行.
SQL: SELECT `channel_id`,`channel_title`,`channel_link`,`channel_link_m`,`channel_sort`,`channel_show` FROM `channel` WHERE `channel_id` = 1 LIMIT 1   [ RunTime:0.0010s ]
INFO: [ view_parse ] --START--
INFO: [ template_filter ] --START--
INFO: Run Behavior\ContentReplaceBehavior [ RunTime:0.000000s ]
INFO: [ template_filter ] --END-- [ RunTime:0.000000s ]
NOTIC: [8] Undefined variable: company_row D:\UPUPW_AP5.5\htdocs\sw\Application\Runtime\Cache\Admin\5f653e0218b1b60ae96f72a10f365938.php 第 180 行.
NOTIC: [8] Undefined variable: company_row D:\UPUPW_AP5.5\htdocs\sw\Application\Runtime\Cache\Admin\5f653e0218b1b60ae96f72a10f365938.php 第 180 行.
INFO: Run Behavior\ParseTemplateBehavior [ RunTime:0.040002s ]
INFO: [ view_parse ] --END-- [ RunTime:0.040002s ]
INFO: [ view_filter ] --START--
INFO: Run Behavior\WriteHtmlCacheBehavior [ RunTime:0.004000s ]
INFO: [ view_filter ] --END-- [ RunTime:0.005001s ]
INFO: [ app_end ] --START--
INFO: Run Behavior\ShowPageTraceBehavior [ RunTime:0.006000s ]
INFO: [ app_end ] --END-- [ RunTime:0.006000s ]

[ 2017-09-18T18:49:28+08:00 ] ::1 /sw/Admin/Channel/edit/channel_id/1.html
INFO: [ app_init ] --START--
INFO: Run Behavior\BuildLiteBehavior [ RunTime:0.000000s ]
INFO: [ app_init ] --END-- [ RunTime:0.001000s ]
INFO: [ app_begin ] --START--
INFO: Run Behavior\ReadHtmlCacheBehavior [ RunTime:0.011001s ]
INFO: [ app_begin ] --END-- [ RunTime:0.011001s ]
SQL: SHOW COLUMNS FROM `user` [ RunTime:0.0240s ]
SQL: SELECT `user_name` FROM `user` WHERE `user_name` = 'admin' LIMIT 1   [ RunTime:0.0010s ]
SQL: SHOW COLUMNS FROM `channel` [ RunTime:0.0240s ]
NOTIC: [8] Undefined index: channel D:\UPUPW_AP5.5\htdocs\sw\Application\Admin\Controller\ChannelController.class.php 第 31 行.
SQL: SELECT `channel_id`,`channel_title`,`channel_link`,`channel_link_m`,`channel_sort`,`channel_show` FROM `channel` WHERE `channel_id` = 1 LIMIT 1   [ RunTime:0.0000s ]
INFO: [ view_parse ] --START--
INFO: [ template_filter ] --START--
INFO: Run Behavior\ContentReplaceBehavior [ RunTime:0.000000s ]
INFO: [ template_filter ] --END-- [ RunTime:0.000000s ]
NOTIC: [8] Undefined variable: company_row D:\UPUPW_AP5.5\htdocs\sw\Application\Runtime\Cache\Admin\5f653e0218b1b60ae96f72a10f365938.php 第 180 行.
NOTIC: [8] Undefined variable: company_row D:\UPUPW_AP5.5\htdocs\sw\Application\Runtime\Cache\Admin\5f653e0218b1b60ae96f72a10f365938.php 第 180 行.
INFO: Run Behavior\ParseTemplateBehavior [ RunTime:0.059003s ]
INFO: [ view_parse ] --END-- [ RunTime:0.059003s ]
INFO: [ view_filter ] --START--
INFO: Run Behavior\WriteHtmlCacheBehavior [ RunTime:0.005001s ]
INFO: [ view_filter ] --END-- [ RunTime:0.005001s ]
INFO: [ app_end ] --START--
INFO: Run Behavior\ShowPageTraceBehavior [ RunTime:0.006000s ]
INFO: [ app_end ] --END-- [ RunTime:0.006000s ]

[ 2017-09-18T18:49:50+08:00 ] ::1 /sw/Admin/Channel/edit/channel_id/1.html
INFO: [ app_init ] --START--
INFO: Run Behavior\BuildLiteBehavior [ RunTime:0.000000s ]
INFO: [ app_init ] --END-- [ RunTime:0.000000s ]
INFO: [ app_begin ] --START--
INFO: Run Behavior\ReadHtmlCacheBehavior [ RunTime:0.009001s ]
INFO: [ app_begin ] --END-- [ RunTime:0.010001s ]
SQL: SHOW COLUMNS FROM `user` [ RunTime:0.0240s ]
SQL: SELECT `user_name` FROM `user` WHERE `user_name` = 'admin' LIMIT 1   [ RunTime:0.0010s ]
SQL: SHOW COLUMNS FROM `channel` [ RunTime:0.0180s ]
NOTIC: [8] Undefined index: channel D:\UPUPW_AP5.5\htdocs\sw\Application\Admin\Controller\ChannelController.class.php 第 31 行.
SQL: SELECT `channel_id`,`channel_title`,`channel_link`,`channel_link_m`,`channel_sort`,`channel_show` FROM `channel` WHERE `channel_id` = 1 LIMIT 1   [ RunTime:0.0000s ]
INFO: [ view_parse ] --START--
INFO: [ template_filter ] --START--
INFO: Run Behavior\ContentReplaceBehavior [ RunTime:0.001000s ]
INFO: [ template_filter ] --END-- [ RunTime:0.001000s ]
NOTIC: [8] Undefined variable: company_row D:\UPUPW_AP5.5\htdocs\sw\Application\Runtime\Cache\Admin\5f653e0218b1b60ae96f72a10f365938.php 第 180 行.
NOTIC: [8] Undefined variable: company_row D:\UPUPW_AP5.5\htdocs\sw\Application\Runtime\Cache\Admin\5f653e0218b1b60ae96f72a10f365938.php 第 180 行.
INFO: Run Behavior\ParseTemplateBehavior [ RunTime:0.042003s ]
INFO: [ view_parse ] --END-- [ RunTime:0.043003s ]
INFO: [ view_filter ] --START--
INFO: Run Behavior\WriteHtmlCacheBehavior [ RunTime:0.005000s ]
INFO: [ view_filter ] --END-- [ RunTime:0.005000s ]
INFO: [ app_end ] --START--
INFO: Run Behavior\ShowPageTraceBehavior [ RunTime:0.010001s ]
INFO: [ app_end ] --END-- [ RunTime:0.010001s ]

[ 2017-09-18T18:49:56+08:00 ] ::1 /sw/Admin/User/index.html
INFO: [ app_init ] --START--
INFO: Run Behavior\BuildLiteBehavior [ RunTime:0.000000s ]
INFO: [ app_init ] --END-- [ RunTime:0.000000s ]
INFO: [ app_begin ] --START--
INFO: Run Behavior\ReadHtmlCacheBehavior [ RunTime:0.002000s ]
INFO: [ app_begin ] --END-- [ RunTime:0.002000s ]
SQL: SHOW COLUMNS FROM `user` [ RunTime:0.0090s ]
SQL: SELECT `user_name` FROM `user` WHERE `user_name` = 'admin' LIMIT 1   [ RunTime:0.0010s ]
SQL: SELECT * FROM `user` WHERE `user_name` LIKE '%%' ORDER BY user_id asc LIMIT 0,7   [ RunTime:0.0010s ]
SQL: SELECT * FROM `user` WHERE `user_name` LIKE '%%'  [ RunTime:0.0010s ]
INFO: [ view_parse ] --START--
INFO: [ template_filter ] --START--
INFO: Run Behavior\ContentReplaceBehavior [ RunTime:0.000000s ]
INFO: [ template_filter ] --END-- [ RunTime:0.000000s ]
NOTIC: [8] Use of undefined constant user_id - assumed 'user_id' D:\UPUPW_AP5.5\htdocs\sw\Application\Runtime\Cache\Admin\65e605872ed5d34210f5b33beb13f5a3.php 第 154 行.
NOTIC: [8] Use of undefined constant user_id - assumed 'user_id' D:\UPUPW_AP5.5\htdocs\sw\Application\Runtime\Cache\Admin\65e605872ed5d34210f5b33beb13f5a3.php 第 154 行.
NOTIC: [8] Undefined variable: company_row D:\UPUPW_AP5.5\htdocs\sw\Application\Runtime\Cache\Admin\65e605872ed5d34210f5b33beb13f5a3.php 第 179 行.
NOTIC: [8] Undefined variable: company_row D:\UPUPW_AP5.5\htdocs\sw\Application\Runtime\Cache\Admin\65e605872ed5d34210f5b33beb13f5a3.php 第 179 行.
INFO: Run Behavior\ParseTemplateBehavior [ RunTime:0.121007s ]
INFO: [ view_parse ] --END-- [ RunTime:0.121007s ]
INFO: [ view_filter ] --START--
INFO: Run Behavior\WriteHtmlCacheBehavior [ RunTime:0.005000s ]
INFO: [ view_filter ] --END-- [ RunTime:0.005000s ]
INFO: [ app_end ] --START--
INFO: Run Behavior\ShowPageTraceBehavior [ RunTime:0.003000s ]
INFO: [ app_end ] --END-- [ RunTime:0.003000s ]

[ 2017-09-18T18:49:58+08:00 ] ::1 /sw/Admin/User/edit/user_id/1.html
INFO: [ app_init ] --START--
INFO: Run Behavior\BuildLiteBehavior [ RunTime:0.000000s ]
INFO: [ app_init ] --END-- [ RunTime:0.001000s ]
INFO: [ app_begin ] --START--
INFO: Run Behavior\ReadHtmlCacheBehavior [ RunTime:0.002000s ]
INFO: [ app_begin ] --END-- [ RunTime:0.002000s ]
SQL: SHOW COLUMNS FROM `user` [ RunTime:0.0130s ]
SQL: SELECT `user_name` FROM `user` WHERE `user_name` = 'admin' LIMIT 1   [ RunTime:0.0000s ]
SQL: SELECT `user_id`,`user_name` FROM `user` WHERE `user_id` = 1 LIMIT 1   [ RunTime:0.0010s ]
INFO: [ view_parse ] --START--
INFO: [ template_filter ] --START--
INFO: Run Behavior\ContentReplaceBehavior [ RunTime:0.001000s ]
INFO: [ template_filter ] --END-- [ RunTime:0.001000s ]
NOTIC: [8] Undefined variable: company_row D:\UPUPW_AP5.5\htdocs\sw\Application\Runtime\Cache\Admin\c5c8f88f4330c605468367c8bb60454a.php 第 167 行.
NOTIC: [8] Undefined variable: company_row D:\UPUPW_AP5.5\htdocs\sw\Application\Runtime\Cache\Admin\c5c8f88f4330c605468367c8bb60454a.php 第 167 行.
INFO: Run Behavior\ParseTemplateBehavior [ RunTime:0.045003s ]
INFO: [ view_parse ] --END-- [ RunTime:0.045003s ]
INFO: [ view_filter ] --START--
INFO: Run Behavior\WriteHtmlCacheBehavior [ RunTime:0.006000s ]
INFO: [ view_filter ] --END-- [ RunTime:0.006000s ]
INFO: [ app_end ] --START--
INFO: Run Behavior\ShowPageTraceBehavior [ RunTime:0.005001s ]
INFO: [ app_end ] --END-- [ RunTime:0.005001s ]

[ 2017-09-18T18:49:58+08:00 ] ::1 /sw/Admin/Verify/verify.html
INFO: [ app_init ] --START--
INFO: Run Behavior\BuildLiteBehavior [ RunTime:0.000000s ]
INFO: [ app_init ] --END-- [ RunTime:0.001000s ]
INFO: [ app_begin ] --START--
INFO: Run Behavior\ReadHtmlCacheBehavior [ RunTime:0.004001s ]
INFO: [ app_begin ] --END-- [ RunTime:0.004001s ]
INFO: [ app_end ] --START--
INFO: Run Behavior\ShowPageTraceBehavior [ RunTime:0.003001s ]
INFO: [ app_end ] --END-- [ RunTime:0.003001s ]

[ 2017-09-18T18:50:03+08:00 ] ::1 /sw/Admin/Base/edit.html
INFO: [ app_init ] --START--
INFO: Run Behavior\BuildLiteBehavior [ RunTime:0.000000s ]
INFO: [ app_init ] --END-- [ RunTime:0.001000s ]
INFO: [ app_begin ] --START--
INFO: Run Behavior\ReadHtmlCacheBehavior [ RunTime:0.004000s ]
INFO: [ app_begin ] --END-- [ RunTime:0.004000s ]
SQL: SHOW COLUMNS FROM `user` [ RunTime:0.0170s ]
SQL: SELECT `user_name` FROM `user` WHERE `user_name` = 'admin' LIMIT 1   [ RunTime:0.0000s ]
SQL: SHOW COLUMNS FROM `base` [ RunTime:0.0180s ]
SQL: SELECT `base_id`,`base_title`,`base_logo`,`base_copyright`,`base_record` FROM `base` WHERE `base_id` = 1 LIMIT 1   [ RunTime:0.0000s ]
INFO: [ view_parse ] --START--
INFO: [ template_filter ] --START--
INFO: Run Behavior\ContentReplaceBehavior [ RunTime:0.001000s ]
INFO: [ template_filter ] --END-- [ RunTime:0.001000s ]
NOTIC: [8] Undefined variable: company_row D:\UPUPW_AP5.5\htdocs\sw\Application\Runtime\Cache\Admin\002d3282d5bfbba14be9d4dfe08613a8.php 第 148 行.
NOTIC: [8] Undefined variable: company_row D:\UPUPW_AP5.5\htdocs\sw\Application\Runtime\Cache\Admin\002d3282d5bfbba14be9d4dfe08613a8.php 第 148 行.
INFO: Run Behavior\ParseTemplateBehavior [ RunTime:0.030002s ]
INFO: [ view_parse ] --END-- [ RunTime:0.030002s ]
INFO: [ view_filter ] --START--
INFO: Run Behavior\WriteHtmlCacheBehavior [ RunTime:0.004000s ]
INFO: [ view_filter ] --END-- [ RunTime:0.004000s ]
INFO: [ app_end ] --START--
INFO: Run Behavior\ShowPageTraceBehavior [ RunTime:0.004000s ]
INFO: [ app_end ] --END-- [ RunTime:0.004000s ]

