[ 2017-09-15T11:42:12+08:00 ] ::1 /sw/Admin/User/index.html
INFO: [ app_init ] --START--
INFO: Run Behavior\BuildLiteBehavior [ RunTime:0.000000s ]
INFO: [ app_init ] --END-- [ RunTime:0.001000s ]
INFO: [ app_begin ] --START--
INFO: Run Behavior\ReadHtmlCacheBehavior [ RunTime:0.002000s ]
INFO: [ app_begin ] --END-- [ RunTime:0.002000s ]
SQL: SHOW COLUMNS FROM `user` [ RunTime:0.0150s ]
SQL: SELECT `user_name` FROM `user` WHERE `user_name` = 'admin' LIMIT 1   [ RunTime:0.0000s ]
SQL: SELECT * FROM `user` WHERE `user_name` LIKE '%%' ORDER BY user_id asc LIMIT 0,6   [ RunTime:0.0000s ]
SQL: SELECT * FROM `user` WHERE `user_name` LIKE '%%'  [ RunTime:0.0010s ]
INFO: [ view_parse ] --START--
INFO: [ template_filter ] --START--
INFO: Run Behavior\ContentReplaceBehavior [ RunTime:0.000000s ]
INFO: [ template_filter ] --END-- [ RunTime:0.000000s ]
NOTIC: [8] Undefined variable: backstage_rows D:\UPUPW_AP5.5\htdocs\sw\Application\Runtime\Cache\Admin\65e605872ed5d34210f5b33beb13f5a3.php 第 54 行.
NOTIC: [8] Use of undefined constant user_id - assumed 'user_id' D:\UPUPW_AP5.5\htdocs\sw\Application\Runtime\Cache\Admin\65e605872ed5d34210f5b33beb13f5a3.php 第 140 行.
NOTIC: [8] Use of undefined constant user_id - assumed 'user_id' D:\UPUPW_AP5.5\htdocs\sw\Application\Runtime\Cache\Admin\65e605872ed5d34210f5b33beb13f5a3.php 第 140 行.
NOTIC: [8] Undefined variable: company_row D:\UPUPW_AP5.5\htdocs\sw\Application\Runtime\Cache\Admin\65e605872ed5d34210f5b33beb13f5a3.php 第 165 行.
NOTIC: [8] Undefined variable: company_row D:\UPUPW_AP5.5\htdocs\sw\Application\Runtime\Cache\Admin\65e605872ed5d34210f5b33beb13f5a3.php 第 165 行.
INFO: Run Behavior\ParseTemplateBehavior [ RunTime:0.024002s ]
INFO: [ view_parse ] --END-- [ RunTime:0.024002s ]
INFO: [ view_filter ] --START--
INFO: Run Behavior\WriteHtmlCacheBehavior [ RunTime:0.002000s ]
INFO: [ view_filter ] --END-- [ RunTime:0.002000s ]
INFO: [ app_end ] --START--
INFO: Run Behavior\ShowPageTraceBehavior [ RunTime:0.001000s ]
INFO: [ app_end ] --END-- [ RunTime:0.001000s ]

[ 2017-09-15T11:42:16+08:00 ] ::1 /sw/Admin/User/index.html?searchname=12
INFO: [ app_init ] --START--
INFO: Run Behavior\BuildLiteBehavior [ RunTime:0.000000s ]
INFO: [ app_init ] --END-- [ RunTime:0.000000s ]
INFO: [ app_begin ] --START--
INFO: Run Behavior\ReadHtmlCacheBehavior [ RunTime:0.001001s ]
INFO: [ app_begin ] --END-- [ RunTime:0.001001s ]
SQL: SHOW COLUMNS FROM `user` [ RunTime:0.0160s ]
SQL: SELECT `user_name` FROM `user` WHERE `user_name` = 'admin' LIMIT 1   [ RunTime:0.0000s ]
SQL: SELECT * FROM `user` WHERE `user_name` LIKE '%12%' ORDER BY user_id asc LIMIT 0,6   [ RunTime:0.0000s ]
SQL: SELECT * FROM `user` WHERE `user_name` LIKE '%12%'  [ RunTime:0.0000s ]
INFO: [ view_parse ] --START--
INFO: [ template_filter ] --START--
INFO: Run Behavior\ContentReplaceBehavior [ RunTime:0.000000s ]
INFO: [ template_filter ] --END-- [ RunTime:0.000000s ]
NOTIC: [8] Undefined variable: backstage_rows D:\UPUPW_AP5.5\htdocs\sw\Application\Runtime\Cache\Admin\65e605872ed5d34210f5b33beb13f5a3.php 第 54 行.
NOTIC: [8] Undefined variable: company_row D:\UPUPW_AP5.5\htdocs\sw\Application\Runtime\Cache\Admin\65e605872ed5d34210f5b33beb13f5a3.php 第 165 行.
NOTIC: [8] Undefined variable: company_row D:\UPUPW_AP5.5\htdocs\sw\Application\Runtime\Cache\Admin\65e605872ed5d34210f5b33beb13f5a3.php 第 165 行.
INFO: Run Behavior\ParseTemplateBehavior [ RunTime:0.020001s ]
INFO: [ view_parse ] --END-- [ RunTime:0.020001s ]
INFO: [ view_filter ] --START--
INFO: Run Behavior\WriteHtmlCacheBehavior [ RunTime:0.001000s ]
INFO: [ view_filter ] --END-- [ RunTime:0.002000s ]
INFO: [ app_end ] --START--
INFO: Run Behavior\ShowPageTraceBehavior [ RunTime:0.001000s ]
INFO: [ app_end ] --END-- [ RunTime:0.001000s ]

[ 2017-09-15T11:42:18+08:00 ] ::1 /sw/Admin/User/index.html?searchname=
INFO: [ app_init ] --START--
INFO: Run Behavior\BuildLiteBehavior [ RunTime:0.000000s ]
INFO: [ app_init ] --END-- [ RunTime:0.001000s ]
INFO: [ app_begin ] --START--
INFO: Run Behavior\ReadHtmlCacheBehavior [ RunTime:0.002000s ]
INFO: [ app_begin ] --END-- [ RunTime:0.002000s ]
SQL: SHOW COLUMNS FROM `user` [ RunTime:0.0180s ]
SQL: SELECT `user_name` FROM `user` WHERE `user_name` = 'admin' LIMIT 1   [ RunTime:0.0010s ]
SQL: SELECT * FROM `user` WHERE `user_name` LIKE '%%' ORDER BY user_id asc LIMIT 0,6   [ RunTime:0.0000s ]
SQL: SELECT * FROM `user` WHERE `user_name` LIKE '%%'  [ RunTime:0.0000s ]
INFO: [ view_parse ] --START--
INFO: [ template_filter ] --START--
INFO: Run Behavior\ContentReplaceBehavior [ RunTime:0.000000s ]
INFO: [ template_filter ] --END-- [ RunTime:0.000000s ]
NOTIC: [8] Undefined variable: backstage_rows D:\UPUPW_AP5.5\htdocs\sw\Application\Runtime\Cache\Admin\65e605872ed5d34210f5b33beb13f5a3.php 第 54 行.
NOTIC: [8] Use of undefined constant user_id - assumed 'user_id' D:\UPUPW_AP5.5\htdocs\sw\Application\Runtime\Cache\Admin\65e605872ed5d34210f5b33beb13f5a3.php 第 140 行.
NOTIC: [8] Use of undefined constant user_id - assumed 'user_id' D:\UPUPW_AP5.5\htdocs\sw\Application\Runtime\Cache\Admin\65e605872ed5d34210f5b33beb13f5a3.php 第 140 行.
NOTIC: [8] Undefined variable: company_row D:\UPUPW_AP5.5\htdocs\sw\Application\Runtime\Cache\Admin\65e605872ed5d34210f5b33beb13f5a3.php 第 165 行.
NOTIC: [8] Undefined variable: company_row D:\UPUPW_AP5.5\htdocs\sw\Application\Runtime\Cache\Admin\65e605872ed5d34210f5b33beb13f5a3.php 第 165 行.
INFO: Run Behavior\ParseTemplateBehavior [ RunTime:0.022001s ]
INFO: [ view_parse ] --END-- [ RunTime:0.022001s ]
INFO: [ view_filter ] --START--
INFO: Run Behavior\WriteHtmlCacheBehavior [ RunTime:0.002000s ]
INFO: [ view_filter ] --END-- [ RunTime:0.002000s ]
INFO: [ app_end ] --START--
INFO: Run Behavior\ShowPageTraceBehavior [ RunTime:0.002000s ]
INFO: [ app_end ] --END-- [ RunTime:0.002000s ]

[ 2017-09-15T11:44:02+08:00 ] ::1 /sw/Admin/User/index.html?searchname=
INFO: [ app_init ] --START--
INFO: Run Behavior\BuildLiteBehavior [ RunTime:0.000000s ]
INFO: [ app_init ] --END-- [ RunTime:0.000000s ]
INFO: [ app_begin ] --START--
INFO: Run Behavior\ReadHtmlCacheBehavior [ RunTime:0.002000s ]
INFO: [ app_begin ] --END-- [ RunTime:0.002000s ]
SQL: SHOW COLUMNS FROM `user` [ RunTime:0.0160s ]
SQL: SELECT `user_name` FROM `user` WHERE `user_name` = 'admin' LIMIT 1   [ RunTime:0.0010s ]
SQL: SELECT * FROM `user` WHERE `user_name` LIKE '%%' ORDER BY user_id asc LIMIT 0,6   [ RunTime:0.0000s ]
SQL: SELECT * FROM `user` WHERE `user_name` LIKE '%%'  [ RunTime:0.0000s ]
INFO: [ view_parse ] --START--
INFO: [ template_filter ] --START--
INFO: Run Behavior\ContentReplaceBehavior [ RunTime:0.000000s ]
INFO: [ template_filter ] --END-- [ RunTime:0.000000s ]
NOTIC: [8] Undefined variable: backstage_rows D:\UPUPW_AP5.5\htdocs\sw\Application\Runtime\Cache\Admin\65e605872ed5d34210f5b33beb13f5a3.php 第 54 行.
NOTIC: [8] Use of undefined constant user_id - assumed 'user_id' D:\UPUPW_AP5.5\htdocs\sw\Application\Runtime\Cache\Admin\65e605872ed5d34210f5b33beb13f5a3.php 第 140 行.
NOTIC: [8] Use of undefined constant user_id - assumed 'user_id' D:\UPUPW_AP5.5\htdocs\sw\Application\Runtime\Cache\Admin\65e605872ed5d34210f5b33beb13f5a3.php 第 140 行.
NOTIC: [8] Undefined variable: company_row D:\UPUPW_AP5.5\htdocs\sw\Application\Runtime\Cache\Admin\65e605872ed5d34210f5b33beb13f5a3.php 第 165 行.
NOTIC: [8] Undefined variable: company_row D:\UPUPW_AP5.5\htdocs\sw\Application\Runtime\Cache\Admin\65e605872ed5d34210f5b33beb13f5a3.php 第 165 行.
INFO: Run Behavior\ParseTemplateBehavior [ RunTime:0.020002s ]
INFO: [ view_parse ] --END-- [ RunTime:0.020002s ]
INFO: [ view_filter ] --START--
INFO: Run Behavior\WriteHtmlCacheBehavior [ RunTime:0.002000s ]
INFO: [ view_filter ] --END-- [ RunTime:0.002000s ]
INFO: [ app_end ] --START--
INFO: Run Behavior\ShowPageTraceBehavior [ RunTime:0.002000s ]
INFO: [ app_end ] --END-- [ RunTime:0.002000s ]

[ 2017-09-15T11:44:03+08:00 ] ::1 /sw/Admin/User/edit.html
INFO: [ app_init ] --START--
INFO: Run Behavior\BuildLiteBehavior [ RunTime:0.000000s ]
INFO: [ app_init ] --END-- [ RunTime:0.001000s ]
INFO: [ app_begin ] --START--
INFO: Run Behavior\ReadHtmlCacheBehavior [ RunTime:0.002001s ]
INFO: [ app_begin ] --END-- [ RunTime:0.002001s ]
SQL: SHOW COLUMNS FROM `user` [ RunTime:0.0150s ]
SQL: SELECT `user_name` FROM `user` WHERE `user_name` = 'admin' LIMIT 1   [ RunTime:0.0010s ]
SQL: SELECT `user_id`,`user_name` FROM `user` WHERE `user_id` = 1 LIMIT 1   [ RunTime:0.0000s ]
INFO: [ view_parse ] --START--
INFO: [ template_filter ] --START--
INFO: Run Behavior\ContentReplaceBehavior [ RunTime:0.000000s ]
INFO: [ template_filter ] --END-- [ RunTime:0.000000s ]
NOTIC: [8] Undefined variable: backstage_rows D:\UPUPW_AP5.5\htdocs\sw\Application\Runtime\Cache\Admin\c5c8f88f4330c605468367c8bb60454a.php 第 54 行.
NOTIC: [8] Undefined variable: company_row D:\UPUPW_AP5.5\htdocs\sw\Application\Runtime\Cache\Admin\c5c8f88f4330c605468367c8bb60454a.php 第 147 行.
NOTIC: [8] Undefined variable: company_row D:\UPUPW_AP5.5\htdocs\sw\Application\Runtime\Cache\Admin\c5c8f88f4330c605468367c8bb60454a.php 第 147 行.
INFO: Run Behavior\ParseTemplateBehavior [ RunTime:0.021001s ]
INFO: [ view_parse ] --END-- [ RunTime:0.021001s ]
INFO: [ view_filter ] --START--
INFO: Run Behavior\WriteHtmlCacheBehavior [ RunTime:0.001000s ]
INFO: [ view_filter ] --END-- [ RunTime:0.001000s ]
INFO: [ app_end ] --START--
INFO: Run Behavior\ShowPageTraceBehavior [ RunTime:0.001000s ]
INFO: [ app_end ] --END-- [ RunTime:0.002000s ]

[ 2017-09-15T11:44:03+08:00 ] ::1 /sw/Admin/Verify/verify.html
INFO: [ app_init ] --START--
INFO: Run Behavior\BuildLiteBehavior [ RunTime:0.000000s ]
INFO: [ app_init ] --END-- [ RunTime:0.001000s ]
INFO: [ app_begin ] --START--
INFO: Run Behavior\ReadHtmlCacheBehavior [ RunTime:0.002000s ]
INFO: [ app_begin ] --END-- [ RunTime:0.002000s ]
INFO: [ app_end ] --START--
INFO: Run Behavior\ShowPageTraceBehavior [ RunTime:0.002000s ]
INFO: [ app_end ] --END-- [ RunTime:0.002000s ]

[ 2017-09-15T11:44:04+08:00 ] ::1 /sw/Admin/Verify/verify.html?0.1096014302263455
INFO: [ app_init ] --START--
INFO: Run Behavior\BuildLiteBehavior [ RunTime:0.000000s ]
INFO: [ app_init ] --END-- [ RunTime:0.001000s ]
INFO: [ app_begin ] --START--
INFO: Run Behavior\ReadHtmlCacheBehavior [ RunTime:0.002000s ]
INFO: [ app_begin ] --END-- [ RunTime:0.002000s ]
INFO: [ app_end ] --START--
INFO: Run Behavior\ShowPageTraceBehavior [ RunTime:0.001000s ]
INFO: [ app_end ] --END-- [ RunTime:0.001000s ]

[ 2017-09-15T11:44:05+08:00 ] ::1 /sw/Admin/Verify/verify.html?0.1096014302263455?0.180321857603009
INFO: [ app_init ] --START--
INFO: Run Behavior\BuildLiteBehavior [ RunTime:0.000000s ]
INFO: [ app_init ] --END-- [ RunTime:0.001000s ]
INFO: [ app_begin ] --START--
INFO: Run Behavior\ReadHtmlCacheBehavior [ RunTime:0.003000s ]
INFO: [ app_begin ] --END-- [ RunTime:0.003000s ]
INFO: [ app_end ] --START--
INFO: Run Behavior\ShowPageTraceBehavior [ RunTime:0.002000s ]
INFO: [ app_end ] --END-- [ RunTime:0.002000s ]

[ 2017-09-15T11:44:06+08:00 ] ::1 /sw/Admin/Verify/verify.html?0.1096014302263455?0.180321857603009?0.6243342888060459
INFO: [ app_init ] --START--
INFO: Run Behavior\BuildLiteBehavior [ RunTime:0.000000s ]
INFO: [ app_init ] --END-- [ RunTime:0.000000s ]
INFO: [ app_begin ] --START--
INFO: Run Behavior\ReadHtmlCacheBehavior [ RunTime:0.002000s ]
INFO: [ app_begin ] --END-- [ RunTime:0.002000s ]
INFO: [ app_end ] --START--
INFO: Run Behavior\ShowPageTraceBehavior [ RunTime:0.001000s ]
INFO: [ app_end ] --END-- [ RunTime:0.001000s ]

[ 2017-09-15T11:45:15+08:00 ] ::1 /sw/Admin/User/edit.html
INFO: [ app_init ] --START--
INFO: Run Behavior\BuildLiteBehavior [ RunTime:0.000000s ]
INFO: [ app_init ] --END-- [ RunTime:0.001000s ]
INFO: [ app_begin ] --START--
INFO: Run Behavior\ReadHtmlCacheBehavior [ RunTime:0.001000s ]
INFO: [ app_begin ] --END-- [ RunTime:0.001000s ]
SQL: SHOW COLUMNS FROM `user` [ RunTime:0.0150s ]
SQL: SELECT `user_name` FROM `user` WHERE `user_name` = 'admin' LIMIT 1   [ RunTime:0.0000s ]
SQL: SELECT `user_id`,`user_name` FROM `user` WHERE `user_id` = 1 LIMIT 1   [ RunTime:0.0000s ]
INFO: [ view_parse ] --START--
INFO: [ template_filter ] --START--
INFO: Run Behavior\ContentReplaceBehavior [ RunTime:0.000000s ]
INFO: [ template_filter ] --END-- [ RunTime:0.000000s ]
NOTIC: [8] Undefined variable: backstage_rows D:\UPUPW_AP5.5\htdocs\sw\Application\Runtime\Cache\Admin\c5c8f88f4330c605468367c8bb60454a.php 第 54 行.
NOTIC: [8] Undefined variable: company_row D:\UPUPW_AP5.5\htdocs\sw\Application\Runtime\Cache\Admin\c5c8f88f4330c605468367c8bb60454a.php 第 147 行.
NOTIC: [8] Undefined variable: company_row D:\UPUPW_AP5.5\htdocs\sw\Application\Runtime\Cache\Admin\c5c8f88f4330c605468367c8bb60454a.php 第 147 行.
INFO: Run Behavior\ParseTemplateBehavior [ RunTime:0.020001s ]
INFO: [ view_parse ] --END-- [ RunTime:0.020001s ]
INFO: [ view_filter ] --START--
INFO: Run Behavior\WriteHtmlCacheBehavior [ RunTime:0.001000s ]
INFO: [ view_filter ] --END-- [ RunTime:0.001000s ]
INFO: [ app_end ] --START--
INFO: Run Behavior\ShowPageTraceBehavior [ RunTime:0.001000s ]
INFO: [ app_end ] --END-- [ RunTime:0.002000s ]

[ 2017-09-15T11:45:15+08:00 ] ::1 /sw/Admin/Verify/verify.html
INFO: [ app_init ] --START--
INFO: Run Behavior\BuildLiteBehavior [ RunTime:0.000000s ]
INFO: [ app_init ] --END-- [ RunTime:0.000000s ]
INFO: [ app_begin ] --START--
INFO: Run Behavior\ReadHtmlCacheBehavior [ RunTime:0.002000s ]
INFO: [ app_begin ] --END-- [ RunTime:0.002000s ]
INFO: [ app_end ] --START--
INFO: Run Behavior\ShowPageTraceBehavior [ RunTime:0.003001s ]
INFO: [ app_end ] --END-- [ RunTime:0.003001s ]

[ 2017-09-15T11:45:16+08:00 ] ::1 /sw/Admin/Verify/verify.html?0.2781440452859796
INFO: [ app_init ] --START--
INFO: Run Behavior\BuildLiteBehavior [ RunTime:0.000000s ]
INFO: [ app_init ] --END-- [ RunTime:0.000000s ]
INFO: [ app_begin ] --START--
INFO: Run Behavior\ReadHtmlCacheBehavior [ RunTime:0.002000s ]
INFO: [ app_begin ] --END-- [ RunTime:0.002000s ]
INFO: [ app_end ] --START--
INFO: Run Behavior\ShowPageTraceBehavior [ RunTime:0.001000s ]
INFO: [ app_end ] --END-- [ RunTime:0.001000s ]

[ 2017-09-15T11:45:19+08:00 ] ::1 /sw/Admin/Index/unsetsession
INFO: [ app_init ] --START--
INFO: Run Behavior\BuildLiteBehavior [ RunTime:0.000000s ]
INFO: [ app_init ] --END-- [ RunTime:0.000000s ]
INFO: [ app_begin ] --START--
INFO: Run Behavior\ReadHtmlCacheBehavior [ RunTime:0.001000s ]
INFO: [ app_begin ] --END-- [ RunTime:0.001000s ]
SQL: SHOW COLUMNS FROM `user` [ RunTime:0.0160s ]

[ 2017-09-15T11:45:19+08:00 ] ::1 /sw/Admin.html
INFO: [ app_init ] --START--
INFO: Run Behavior\BuildLiteBehavior [ RunTime:0.000000s ]
INFO: [ app_init ] --END-- [ RunTime:0.000000s ]
INFO: [ app_begin ] --START--
INFO: Run Behavior\ReadHtmlCacheBehavior [ RunTime:0.001000s ]
INFO: [ app_begin ] --END-- [ RunTime:0.001000s ]
SQL: SHOW COLUMNS FROM `user` [ RunTime:0.0150s ]
INFO: [ view_parse ] --START--
INFO: [ template_filter ] --START--
INFO: Run Behavior\ContentReplaceBehavior [ RunTime:0.000000s ]
INFO: [ template_filter ] --END-- [ RunTime:0.000000s ]
INFO: Run Behavior\ParseTemplateBehavior [ RunTime:0.022002s ]
INFO: [ view_parse ] --END-- [ RunTime:0.022002s ]
INFO: [ view_filter ] --START--
INFO: Run Behavior\WriteHtmlCacheBehavior [ RunTime:0.001000s ]
INFO: [ view_filter ] --END-- [ RunTime:0.001000s ]
INFO: [ app_end ] --START--
INFO: Run Behavior\ShowPageTraceBehavior [ RunTime:0.002000s ]
INFO: [ app_end ] --END-- [ RunTime:0.002000s ]

[ 2017-09-15T11:45:19+08:00 ] ::1 /sw/Admin/Verify/verify.html
INFO: [ app_init ] --START--
INFO: Run Behavior\BuildLiteBehavior [ RunTime:0.000000s ]
INFO: [ app_init ] --END-- [ RunTime:0.000000s ]
INFO: [ app_begin ] --START--
INFO: Run Behavior\ReadHtmlCacheBehavior [ RunTime:0.001000s ]
INFO: [ app_begin ] --END-- [ RunTime:0.001000s ]
INFO: [ app_end ] --START--
INFO: Run Behavior\ShowPageTraceBehavior [ RunTime:0.002000s ]
INFO: [ app_end ] --END-- [ RunTime:0.002000s ]

[ 2017-09-15T11:45:20+08:00 ] ::1 /sw/Admin/Verify/verify.html?0.5312974495784095
INFO: [ app_init ] --START--
INFO: Run Behavior\BuildLiteBehavior [ RunTime:0.000000s ]
INFO: [ app_init ] --END-- [ RunTime:0.001000s ]
INFO: [ app_begin ] --START--
INFO: Run Behavior\ReadHtmlCacheBehavior [ RunTime:0.002000s ]
INFO: [ app_begin ] --END-- [ RunTime:0.002000s ]
INFO: [ app_end ] --START--
INFO: Run Behavior\ShowPageTraceBehavior [ RunTime:0.001000s ]
INFO: [ app_end ] --END-- [ RunTime:0.001000s ]

[ 2017-09-15T11:45:28+08:00 ] ::1 /sw/Admin/Index/login
INFO: [ app_init ] --START--
INFO: Run Behavior\BuildLiteBehavior [ RunTime:0.000000s ]
INFO: [ app_init ] --END-- [ RunTime:0.001000s ]
INFO: [ app_begin ] --START--
INFO: Run Behavior\ReadHtmlCacheBehavior [ RunTime:0.001000s ]
INFO: [ app_begin ] --END-- [ RunTime:0.002001s ]
SQL: SHOW COLUMNS FROM `user` [ RunTime:0.0150s ]
SQL: SELECT `user_name` FROM `user` WHERE `user_name` = 'admin' LIMIT 1   [ RunTime:0.0000s ]
SQL: SELECT `user_id`,`user_name` FROM `user` WHERE `user_name` = 'admin' AND `user_password` = '21232f297a57a5a743894a0e4a801fc3' LIMIT 1   [ RunTime:0.0010s ]

[ 2017-09-15T11:45:28+08:00 ] ::1 /sw/Admin/Verify/verify
INFO: [ app_init ] --START--
INFO: Run Behavior\BuildLiteBehavior [ RunTime:0.000000s ]
INFO: [ app_init ] --END-- [ RunTime:0.000000s ]
INFO: [ app_begin ] --START--
INFO: Run Behavior\ReadHtmlCacheBehavior [ RunTime:0.002000s ]
INFO: [ app_begin ] --END-- [ RunTime:0.002000s ]
INFO: [ app_end ] --START--
INFO: Run Behavior\ShowPageTraceBehavior [ RunTime:0.002000s ]
INFO: [ app_end ] --END-- [ RunTime:0.002000s ]

[ 2017-09-15T11:45:28+08:00 ] ::1 /sw/Admin/Home/index
INFO: [ app_init ] --START--
INFO: Run Behavior\BuildLiteBehavior [ RunTime:0.000000s ]
INFO: [ app_init ] --END-- [ RunTime:0.001000s ]
INFO: [ app_begin ] --START--
INFO: Run Behavior\ReadHtmlCacheBehavior [ RunTime:0.002001s ]
INFO: [ app_begin ] --END-- [ RunTime:0.002001s ]
SQL: SHOW COLUMNS FROM `user` [ RunTime:0.0170s ]
SQL: SELECT `user_name` FROM `user` WHERE `user_name` = 'admin' LIMIT 1   [ RunTime:0.0000s ]
NOTIC: [8] Use of undefined constant mysql_close - assumed 'mysql_close' D:\UPUPW_AP5.5\htdocs\sw\Application\Admin\Controller\HomeController.class.php 第 18 行.
INFO: [ view_parse ] --START--
INFO: [ template_filter ] --START--
INFO: Run Behavior\ContentReplaceBehavior [ RunTime:0.000000s ]
INFO: [ template_filter ] --END-- [ RunTime:0.000000s ]
NOTIC: [8] Undefined variable: backstage_rows D:\UPUPW_AP5.5\htdocs\sw\Application\Runtime\Cache\Admin\22e1ae56de7cd2188a6c84240f3a78b7.php 第 54 行.
NOTIC: [8] Undefined variable: company_row D:\UPUPW_AP5.5\htdocs\sw\Application\Runtime\Cache\Admin\22e1ae56de7cd2188a6c84240f3a78b7.php 第 126 行.
NOTIC: [8] Undefined variable: company_row D:\UPUPW_AP5.5\htdocs\sw\Application\Runtime\Cache\Admin\22e1ae56de7cd2188a6c84240f3a78b7.php 第 126 行.
INFO: Run Behavior\ParseTemplateBehavior [ RunTime:0.020001s ]
INFO: [ view_parse ] --END-- [ RunTime:0.020001s ]
INFO: [ view_filter ] --START--
INFO: Run Behavior\WriteHtmlCacheBehavior [ RunTime:0.001000s ]
INFO: [ view_filter ] --END-- [ RunTime:0.001000s ]
INFO: [ app_end ] --START--
INFO: Run Behavior\ShowPageTraceBehavior [ RunTime:0.002000s ]
INFO: [ app_end ] --END-- [ RunTime:0.002000s ]

[ 2017-09-15T11:54:48+08:00 ] ::1 /sw/Admin/Home/index.html
INFO: [ app_init ] --START--
INFO: Run Behavior\BuildLiteBehavior [ RunTime:0.000000s ]
INFO: [ app_init ] --END-- [ RunTime:0.000000s ]
INFO: [ app_begin ] --START--
INFO: Run Behavior\ReadHtmlCacheBehavior [ RunTime:0.001000s ]
INFO: [ app_begin ] --END-- [ RunTime:0.001000s ]
SQL: SHOW COLUMNS FROM `user` [ RunTime:0.0170s ]
SQL: SELECT `user_name` FROM `user` WHERE `user_name` = 'admin' LIMIT 1   [ RunTime:0.0010s ]
NOTIC: [8] Use of undefined constant mysql_close - assumed 'mysql_close' D:\UPUPW_AP5.5\htdocs\sw\Application\Admin\Controller\HomeController.class.php 第 18 行.
INFO: [ view_parse ] --START--
INFO: [ template_filter ] --START--
INFO: Run Behavior\ContentReplaceBehavior [ RunTime:0.000000s ]
INFO: [ template_filter ] --END-- [ RunTime:0.000000s ]
NOTIC: [8] Undefined variable: backstage_rows D:\UPUPW_AP5.5\htdocs\sw\Application\Runtime\Cache\Admin\22e1ae56de7cd2188a6c84240f3a78b7.php 第 54 行.
NOTIC: [8] Undefined variable: company_row D:\UPUPW_AP5.5\htdocs\sw\Application\Runtime\Cache\Admin\22e1ae56de7cd2188a6c84240f3a78b7.php 第 126 行.
NOTIC: [8] Undefined variable: company_row D:\UPUPW_AP5.5\htdocs\sw\Application\Runtime\Cache\Admin\22e1ae56de7cd2188a6c84240f3a78b7.php 第 126 行.
INFO: Run Behavior\ParseTemplateBehavior [ RunTime:0.023002s ]
INFO: [ view_parse ] --END-- [ RunTime:0.023002s ]
INFO: [ view_filter ] --START--
INFO: Run Behavior\WriteHtmlCacheBehavior [ RunTime:0.002000s ]
INFO: [ view_filter ] --END-- [ RunTime:0.002000s ]
INFO: [ app_end ] --START--
INFO: Run Behavior\ShowPageTraceBehavior [ RunTime:0.002000s ]
INFO: [ app_end ] --END-- [ RunTime:0.002000s ]

[ 2017-09-15T11:54:50+08:00 ] ::1 /sw/Admin/User/index.html
INFO: [ app_init ] --START--
INFO: Run Behavior\BuildLiteBehavior [ RunTime:0.000000s ]
INFO: [ app_init ] --END-- [ RunTime:0.000000s ]
INFO: [ app_begin ] --START--
INFO: Run Behavior\ReadHtmlCacheBehavior [ RunTime:0.001000s ]
INFO: [ app_begin ] --END-- [ RunTime:0.001000s ]
SQL: SHOW COLUMNS FROM `user` [ RunTime:0.0150s ]
SQL: SELECT `user_name` FROM `user` WHERE `user_name` = 'admin' LIMIT 1   [ RunTime:0.0010s ]
SQL: SELECT * FROM `user` WHERE `user_name` LIKE '%%' ORDER BY user_id asc LIMIT 0,6   [ RunTime:0.0010s ]
SQL: SELECT * FROM `user` WHERE `user_name` LIKE '%%'  [ RunTime:0.0000s ]
INFO: [ view_parse ] --START--
INFO: [ template_filter ] --START--
INFO: Run Behavior\ContentReplaceBehavior [ RunTime:0.000000s ]
INFO: [ template_filter ] --END-- [ RunTime:0.000000s ]
NOTIC: [8] Undefined variable: backstage_rows D:\UPUPW_AP5.5\htdocs\sw\Application\Runtime\Cache\Admin\65e605872ed5d34210f5b33beb13f5a3.php 第 54 行.
NOTIC: [8] Use of undefined constant user_id - assumed 'user_id' D:\UPUPW_AP5.5\htdocs\sw\Application\Runtime\Cache\Admin\65e605872ed5d34210f5b33beb13f5a3.php 第 140 行.
NOTIC: [8] Use of undefined constant user_id - assumed 'user_id' D:\UPUPW_AP5.5\htdocs\sw\Application\Runtime\Cache\Admin\65e605872ed5d34210f5b33beb13f5a3.php 第 140 行.
NOTIC: [8] Undefined variable: company_row D:\UPUPW_AP5.5\htdocs\sw\Application\Runtime\Cache\Admin\65e605872ed5d34210f5b33beb13f5a3.php 第 165 行.
NOTIC: [8] Undefined variable: company_row D:\UPUPW_AP5.5\htdocs\sw\Application\Runtime\Cache\Admin\65e605872ed5d34210f5b33beb13f5a3.php 第 165 行.
INFO: Run Behavior\ParseTemplateBehavior [ RunTime:0.021001s ]
INFO: [ view_parse ] --END-- [ RunTime:0.021001s ]
INFO: [ view_filter ] --START--
INFO: Run Behavior\WriteHtmlCacheBehavior [ RunTime:0.002000s ]
INFO: [ view_filter ] --END-- [ RunTime:0.002000s ]
INFO: [ app_end ] --START--
INFO: Run Behavior\ShowPageTraceBehavior [ RunTime:0.002000s ]
INFO: [ app_end ] --END-- [ RunTime:0.002000s ]

[ 2017-09-15T11:56:30+08:00 ] ::1 /sw/Admin/User/index.html
INFO: [ app_init ] --START--
INFO: Run Behavior\BuildLiteBehavior [ RunTime:0.000000s ]
INFO: [ app_init ] --END-- [ RunTime:0.001000s ]
INFO: [ app_begin ] --START--
INFO: Run Behavior\ReadHtmlCacheBehavior [ RunTime:0.001000s ]
INFO: [ app_begin ] --END-- [ RunTime:0.001000s ]
SQL: SHOW COLUMNS FROM `user` [ RunTime:0.0160s ]
SQL: SELECT `user_name` FROM `user` WHERE `user_name` = 'admin' LIMIT 1   [ RunTime:0.0000s ]
SQL: SELECT * FROM `user` WHERE `user_name` LIKE '%%' ORDER BY user_id asc LIMIT 0,6   [ RunTime:0.0010s ]
SQL: SELECT * FROM `user` WHERE `user_name` LIKE '%%'  [ RunTime:0.0000s ]
INFO: [ view_parse ] --START--
INFO: [ template_filter ] --START--
INFO: Run Behavior\ContentReplaceBehavior [ RunTime:0.000000s ]
INFO: [ template_filter ] --END-- [ RunTime:0.000000s ]
NOTIC: [8] Undefined variable: backstage_rows D:\UPUPW_AP5.5\htdocs\sw\Application\Runtime\Cache\Admin\65e605872ed5d34210f5b33beb13f5a3.php 第 64 行.
NOTIC: [8] Use of undefined constant user_id - assumed 'user_id' D:\UPUPW_AP5.5\htdocs\sw\Application\Runtime\Cache\Admin\65e605872ed5d34210f5b33beb13f5a3.php 第 150 行.
NOTIC: [8] Use of undefined constant user_id - assumed 'user_id' D:\UPUPW_AP5.5\htdocs\sw\Application\Runtime\Cache\Admin\65e605872ed5d34210f5b33beb13f5a3.php 第 150 行.
NOTIC: [8] Undefined variable: company_row D:\UPUPW_AP5.5\htdocs\sw\Application\Runtime\Cache\Admin\65e605872ed5d34210f5b33beb13f5a3.php 第 175 行.
NOTIC: [8] Undefined variable: company_row D:\UPUPW_AP5.5\htdocs\sw\Application\Runtime\Cache\Admin\65e605872ed5d34210f5b33beb13f5a3.php 第 175 行.
INFO: Run Behavior\ParseTemplateBehavior [ RunTime:0.021001s ]
INFO: [ view_parse ] --END-- [ RunTime:0.021001s ]
INFO: [ view_filter ] --START--
INFO: Run Behavior\WriteHtmlCacheBehavior [ RunTime:0.003000s ]
INFO: [ view_filter ] --END-- [ RunTime:0.003000s ]
INFO: [ app_end ] --START--
INFO: Run Behavior\ShowPageTraceBehavior [ RunTime:0.002001s ]
INFO: [ app_end ] --END-- [ RunTime:0.003001s ]

